Loading plugins phase: Elapsed time ==> 0s.178ms
Initializing data phase: Elapsed time ==> 0s.000ms
<CYPRESSTAG name="CyDsfit arguments...">
cydsfit arguments: -.fdsnotice -.fdswarpdepfile=warp_dependencies.txt -.fdselabdepfile=elab_dependencies.txt -.fdsbldfile=generated_files.txt -p C:\Users\Ramm\Documents\PSoC Creator\Tesis\PSoC B-0100\PSoC B-0100.cydsn\PSoC B-0100.cyprj -d CY8C4245AXI-483 -s C:\Users\Ramm\Documents\PSoC Creator\Tesis\PSoC B-0100\PSoC B-0100.cydsn\Generated_Source\PSoC4 -- -yv2 -q10 -ygs -o2 -v3 -.fftcfgtype=LE</CYPRESSTAG>
<CYPRESSTAG name="Design elaboration results...">
</CYPRESSTAG>
Elaboration phase: Elapsed time ==> 1s.608ms
<CYPRESSTAG name="HDL generation results...">
</CYPRESSTAG>
HDL generation phase: Elapsed time ==> 0s.072ms
<CYPRESSTAG name="Synthesis results...">

     | | | | | | |
   _________________
  -|               |-
  -|               |-
  -|               |-
  -|    CYPRESS    |-
  -|               |-
  -|               |-   Warp Verilog Synthesis Compiler: Version 6.3 IR 41
  -|               |-   Copyright (C) 1991-2001 Cypress Semiconductor
   |_______________|
     | | | | | | |

======================================================================
Compiling:  PSoC B-0100.v
Program  :   C:\Program Files (x86)\Cypress\PSoC Creator\3.2\PSoC Creator\warp\bin/warp.exe
Options  :    -yv2 -q10 -ygs -o2 -v3 -.fftcfgtype=LE -ya -.fftprj=C:\Users\Ramm\Documents\PSoC Creator\Tesis\PSoC B-0100\PSoC B-0100.cydsn\PSoC B-0100.cyprj -dcpsoc3 PSoC B-0100.v -verilog
======================================================================

======================================================================
Compiling:  PSoC B-0100.v
Program  :   C:\Program Files (x86)\Cypress\PSoC Creator\3.2\PSoC Creator\warp\bin/warp.exe
Options  :    -yv2 -q10 -ygs -o2 -v3 -.fftcfgtype=LE -ya -.fftprj=C:\Users\Ramm\Documents\PSoC Creator\Tesis\PSoC B-0100\PSoC B-0100.cydsn\PSoC B-0100.cyprj -dcpsoc3 PSoC B-0100.v -verilog
======================================================================

======================================================================
Compiling:  PSoC B-0100.v
Program  :   vlogfe
Options  :    -yv2 -q10 -ygs -o2 -v3 -.fftcfgtype=LE -ya -.fftprj=C:\Users\Ramm\Documents\PSoC Creator\Tesis\PSoC B-0100\PSoC B-0100.cydsn\PSoC B-0100.cyprj -dcpsoc3 -verilog PSoC B-0100.v
======================================================================

vlogfe V6.3 IR 41:  Verilog parser
Sat Jun 20 02:04:44 2015


======================================================================
Compiling:  PSoC B-0100.v
Program  :   vpp
Options  :    -yv2 -q10 PSoC B-0100.v
======================================================================

vpp V6.3 IR 41:  Verilog Pre-Processor
Sat Jun 20 02:04:44 2015

Flattening file 'C:\Program Files (x86)\Cypress\PSoC Creator\3.2\PSoC Creator\warp\..\psoc\content\cyprimitives\CyPrimitives.cylib\ZeroTerminal\ZeroTerminal.v'
Flattening file 'C:\Program Files (x86)\Cypress\PSoC Creator\3.2\PSoC Creator\warp\..\psoc\content\cycomponentlibrary\CyComponentLibrary.cylib\B_Timer_v2_70\B_Timer_v2_70.v'
Flattening file 'C:\Program Files (x86)\Cypress\PSoC Creator\3.2\PSoC Creator\warp\lib\common\cypress.v'
Flattening file 'C:\Program Files (x86)\Cypress\PSoC Creator\3.2\PSoC Creator\warp\lib\common\cy_psoc3_inc.v'
Flattening file 'C:\Program Files (x86)\Cypress\PSoC Creator\3.2\PSoC Creator\warp\..\psoc\content\cyprimitives\CyPrimitives.cylib\cy_analog_virtualmux_v1_0\cy_analog_virtualmux_v1_0.v'
Flattening file 'C:\Program Files (x86)\Cypress\PSoC Creator\3.2\PSoC Creator\warp\..\psoc\content\cyprimitives\CyPrimitives.cylib\or_v1_0\or_v1_0.v'
Flattening file 'C:\Program Files (x86)\Cypress\PSoC Creator\3.2\PSoC Creator\warp\..\psoc\content\cycomponentlibrary\CyComponentLibrary.cylib\Bus_Connect_v2_10\Bus_Connect_v2_10.v'
Flattening file 'C:\Program Files (x86)\Cypress\PSoC Creator\3.2\PSoC Creator\warp\lib\common\cypress.v'
Flattening file 'C:\Program Files (x86)\Cypress\PSoC Creator\3.2\PSoC Creator\warp\..\psoc\content\cyprimitives\CyPrimitives.cylib\cy_virtualmux_v1_0\cy_virtualmux_v1_0.v'

vpp:  No errors.

Library 'work' => directory 'lcpsoc3'
General_symbol_table
General_symbol_table
Linking 'C:\Program Files (x86)\Cypress\PSoC Creator\3.2\PSoC Creator\warp\lib\common\std.vhd'.
Linking 'C:\Program Files (x86)\Cypress\PSoC Creator\3.2\PSoC Creator\warp\lib\common\cypress.vhd'.
Linking 'C:\Program Files (x86)\Cypress\PSoC Creator\3.2\PSoC Creator\warp\lib\common\work\cypress.vif'.
Linking 'C:\Program Files (x86)\Cypress\PSoC Creator\3.2\PSoC Creator\warp\lib\ieee\work\stdlogic.vif'.
Linking 'C:\Program Files (x86)\Cypress\PSoC Creator\3.2\PSoC Creator\warp\lib\common\stdlogic\lpmpkg.vif'.
Linking 'C:\Program Files (x86)\Cypress\PSoC Creator\3.2\PSoC Creator\warp\lib\common\stdlogic\rtlpkg.vif'.
Linking 'C:\Program Files (x86)\Cypress\PSoC Creator\3.2\PSoC Creator\warp\lib\common\stdlogic\mod_cnst.vif'.
Linking 'C:\Program Files (x86)\Cypress\PSoC Creator\3.2\PSoC Creator\warp\lib\common\stdlogic\mod_mthv.vif'.
Linking 'C:\Program Files (x86)\Cypress\PSoC Creator\3.2\PSoC Creator\warp\lib\common\stdlogic\mod_genv.vif'.
Using control file 'PSoC B-0100.ctl'.
C:\Program Files (x86)\Cypress\PSoC Creator\3.2\PSoC Creator\warp\..\psoc\content\cycomponentlibrary\CyComponentLibrary.cylib\B_Timer_v2_70\B_Timer_v2_70.v (line 368, col 46):  Note: Substituting module 'cmp_vv_vv' for '='.
C:\Program Files (x86)\Cypress\PSoC Creator\3.2\PSoC Creator\warp\..\psoc\content\cycomponentlibrary\CyComponentLibrary.cylib\B_Timer_v2_70\B_Timer_v2_70.v (line 374, col 62):  Note: Substituting module 'add_vv_vv' for '+'.
Linking 'C:\Program Files (x86)\Cypress\PSoC Creator\3.2\PSoC Creator\warp\lib\common\stdlogic\cy_psoc3pkg.vif'.
Linking 'C:\Program Files (x86)\Cypress\PSoC Creator\3.2\PSoC Creator\warp\lib\common\stdlogic\cy_psoc3.vif'.

vlogfe:  No errors.


======================================================================
Compiling:  PSoC B-0100.v
Program  :   tovif
Options  :    -yv2 -q10 -ygs -o2 -v3 -.fftcfgtype=LE -ya -.fftprj=C:\Users\Ramm\Documents\PSoC Creator\Tesis\PSoC B-0100\PSoC B-0100.cydsn\PSoC B-0100.cyprj -dcpsoc3 -verilog PSoC B-0100.v
======================================================================

tovif V6.3 IR 41:  High-level synthesis
Sat Jun 20 02:04:44 2015

Linking 'C:\Program Files (x86)\Cypress\PSoC Creator\3.2\PSoC Creator\warp\lib\common\std.vhd'.
Linking 'C:\Program Files (x86)\Cypress\PSoC Creator\3.2\PSoC Creator\warp\lib\common\cypress.vhd'.
Linking 'C:\Program Files (x86)\Cypress\PSoC Creator\3.2\PSoC Creator\warp\lib\common\work\cypress.vif'.
Linking 'C:\Program Files (x86)\Cypress\PSoC Creator\3.2\PSoC Creator\warp\lib\ieee\work\stdlogic.vif'.
Linking 'C:\Program Files (x86)\Cypress\PSoC Creator\3.2\PSoC Creator\warp\lib\common\stdlogic\lpmpkg.vif'.
Linking 'C:\Program Files (x86)\Cypress\PSoC Creator\3.2\PSoC Creator\warp\lib\common\stdlogic\rtlpkg.vif'.
Linking 'C:\Program Files (x86)\Cypress\PSoC Creator\3.2\PSoC Creator\warp\lib\common\stdlogic\mod_cnst.vif'.
Linking 'C:\Program Files (x86)\Cypress\PSoC Creator\3.2\PSoC Creator\warp\lib\common\stdlogic\mod_mthv.vif'.
Linking 'C:\Program Files (x86)\Cypress\PSoC Creator\3.2\PSoC Creator\warp\lib\common\stdlogic\mod_genv.vif'.
Linking 'C:\Users\Ramm\Documents\PSoC Creator\Tesis\PSoC B-0100\PSoC B-0100.cydsn\codegentemp\PSoC B-0100.ctl'.
Linking 'C:\Program Files (x86)\Cypress\PSoC Creator\3.2\PSoC Creator\psoc\content\cyprimitives\CyPrimitives.cylib\ZeroTerminal\ZeroTerminal.v'.
Linking 'C:\Users\Ramm\Documents\PSoC Creator\Tesis\PSoC B-0100\PSoC B-0100.cydsn\codegentemp\PSoC B-0100.v'.
Linking 'C:\Program Files (x86)\Cypress\PSoC Creator\3.2\PSoC Creator\psoc\content\cycomponentlibrary\CyComponentLibrary.cylib\B_Timer_v2_70\B_Timer_v2_70.v'.
Linking 'C:\Program Files (x86)\Cypress\PSoC Creator\3.2\PSoC Creator\warp\lib\common\cypress.v'.
Linking 'C:\Program Files (x86)\Cypress\PSoC Creator\3.2\PSoC Creator\warp\lib\common\cy_psoc3_inc.v'.
Linking 'C:\Program Files (x86)\Cypress\PSoC Creator\3.2\PSoC Creator\psoc\content\cyprimitives\CyPrimitives.cylib\cy_analog_virtualmux_v1_0\cy_analog_virtualmux_v1_0.v'.
Linking 'C:\Program Files (x86)\Cypress\PSoC Creator\3.2\PSoC Creator\psoc\content\cyprimitives\CyPrimitives.cylib\or_v1_0\or_v1_0.v'.
Linking 'C:\Program Files (x86)\Cypress\PSoC Creator\3.2\PSoC Creator\psoc\content\cycomponentlibrary\CyComponentLibrary.cylib\Bus_Connect_v2_10\Bus_Connect_v2_10.v'.
Linking 'C:\Program Files (x86)\Cypress\PSoC Creator\3.2\PSoC Creator\psoc\content\cyprimitives\CyPrimitives.cylib\cy_virtualmux_v1_0\cy_virtualmux_v1_0.v'.
Linking 'C:\Program Files (x86)\Cypress\PSoC Creator\3.2\PSoC Creator\warp\lib\common\stdlogic\cy_psoc3pkg.vif'.
Linking 'C:\Program Files (x86)\Cypress\PSoC Creator\3.2\PSoC Creator\warp\lib\common\stdlogic\cy_psoc3.vif'.

tovif:  No errors.


======================================================================
Compiling:  PSoC B-0100.v
Program  :   topld
Options  :    -yv2 -q10 -ygs -o2 -v3 -.fftcfgtype=LE -ya -.fftprj=C:\Users\Ramm\Documents\PSoC Creator\Tesis\PSoC B-0100\PSoC B-0100.cydsn\PSoC B-0100.cyprj -dcpsoc3 -verilog PSoC B-0100.v
======================================================================

topld V6.3 IR 41:  Synthesis and optimization
Sat Jun 20 02:04:44 2015

Linking 'C:\Program Files (x86)\Cypress\PSoC Creator\3.2\PSoC Creator\warp\lib\common\std.vhd'.
Linking 'C:\Program Files (x86)\Cypress\PSoC Creator\3.2\PSoC Creator\warp\lib\common\cypress.vhd'.
Linking 'C:\Program Files (x86)\Cypress\PSoC Creator\3.2\PSoC Creator\warp\lib\common\work\cypress.vif'.
Linking 'C:\Program Files (x86)\Cypress\PSoC Creator\3.2\PSoC Creator\warp\lib\ieee\work\stdlogic.vif'.
Linking 'C:\Program Files (x86)\Cypress\PSoC Creator\3.2\PSoC Creator\warp\lib\common\stdlogic\lpmpkg.vif'.
Linking 'C:\Program Files (x86)\Cypress\PSoC Creator\3.2\PSoC Creator\warp\lib\common\stdlogic\rtlpkg.vif'.
Linking 'C:\Program Files (x86)\Cypress\PSoC Creator\3.2\PSoC Creator\warp\lib\common\stdlogic\mod_cnst.vif'.
Linking 'C:\Program Files (x86)\Cypress\PSoC Creator\3.2\PSoC Creator\warp\lib\common\stdlogic\mod_mthv.vif'.
Linking 'C:\Program Files (x86)\Cypress\PSoC Creator\3.2\PSoC Creator\warp\lib\common\stdlogic\mod_genv.vif'.
Linking 'C:\Users\Ramm\Documents\PSoC Creator\Tesis\PSoC B-0100\PSoC B-0100.cydsn\codegentemp\PSoC B-0100.ctl'.
Linking 'C:\Program Files (x86)\Cypress\PSoC Creator\3.2\PSoC Creator\psoc\content\cyprimitives\CyPrimitives.cylib\ZeroTerminal\ZeroTerminal.v'.
Linking 'C:\Users\Ramm\Documents\PSoC Creator\Tesis\PSoC B-0100\PSoC B-0100.cydsn\codegentemp\PSoC B-0100.v'.
Linking 'C:\Program Files (x86)\Cypress\PSoC Creator\3.2\PSoC Creator\psoc\content\cycomponentlibrary\CyComponentLibrary.cylib\B_Timer_v2_70\B_Timer_v2_70.v'.
Linking 'C:\Program Files (x86)\Cypress\PSoC Creator\3.2\PSoC Creator\warp\lib\common\cypress.v'.
Linking 'C:\Program Files (x86)\Cypress\PSoC Creator\3.2\PSoC Creator\warp\lib\common\cy_psoc3_inc.v'.
Linking 'C:\Program Files (x86)\Cypress\PSoC Creator\3.2\PSoC Creator\psoc\content\cyprimitives\CyPrimitives.cylib\cy_analog_virtualmux_v1_0\cy_analog_virtualmux_v1_0.v'.
Linking 'C:\Program Files (x86)\Cypress\PSoC Creator\3.2\PSoC Creator\psoc\content\cyprimitives\CyPrimitives.cylib\or_v1_0\or_v1_0.v'.
Linking 'C:\Program Files (x86)\Cypress\PSoC Creator\3.2\PSoC Creator\psoc\content\cycomponentlibrary\CyComponentLibrary.cylib\Bus_Connect_v2_10\Bus_Connect_v2_10.v'.
Linking 'C:\Program Files (x86)\Cypress\PSoC Creator\3.2\PSoC Creator\psoc\content\cyprimitives\CyPrimitives.cylib\cy_virtualmux_v1_0\cy_virtualmux_v1_0.v'.
Linking 'C:\Program Files (x86)\Cypress\PSoC Creator\3.2\PSoC Creator\warp\lib\common\stdlogic\cy_psoc3pkg.vif'.
Linking 'C:\Program Files (x86)\Cypress\PSoC Creator\3.2\PSoC Creator\warp\lib\common\stdlogic\cy_psoc3.vif'.
Linking 'C:\Program Files (x86)\Cypress\PSoC Creator\3.2\PSoC Creator\warp\lib\lcpsoc3\stdlogic\cpsoc3.vif'.

----------------------------------------------------------
Detecting unused logic.
----------------------------------------------------------
    User names
	\Timer:TimerUDB:ctrl_ten\
	\Timer:TimerUDB:ctrl_cmode_0\
	\Timer:TimerUDB:ctrl_tmode_1\
	\Timer:TimerUDB:ctrl_tmode_0\
	\Timer:TimerUDB:ctrl_ic_1\
	\Timer:TimerUDB:ctrl_ic_0\
	Net_48
	Net_47
	\Timer:TimerUDB:zeros_3\
	\ADC_SAR:Net_3125\
	\ADC_SAR:Net_3126\
	\UART:Net_452\
	\UART:Net_1257\
	\UART:uncfg_rx_irq\
	\UART:Net_1099\
	\UART:Net_1258\
	\UART:Net_547\
	\UART:Net_891\
	\UART:Net_1001\
	\UART:Net_899\


Deleted 20 User equations/components.
Deleted 0 Synthesized equations/components.

------------------------------------------------------
Alias Detection
------------------------------------------------------
Aliasing zero to Net_12
Aliasing \Timer:TimerUDB:ctrl_cmode_1\ to Net_12
Aliasing \Timer:TimerUDB:trigger_enable\ to one
Aliasing \Timer:TimerUDB:status_6\ to Net_12
Aliasing \Timer:TimerUDB:status_5\ to Net_12
Aliasing \Timer:TimerUDB:status_4\ to Net_12
Aliasing \Timer:TimerUDB:status_0\ to \Timer:TimerUDB:tc_i\
Aliasing \ADC_SAR:Net_3107\ to Net_12
Aliasing \ADC_SAR:Net_3106\ to Net_12
Aliasing \ADC_SAR:Net_3105\ to Net_12
Aliasing \ADC_SAR:Net_3104\ to Net_12
Aliasing \ADC_SAR:Net_3103\ to Net_12
Aliasing \ADC_SAR:Net_3207_1\ to Net_12
Aliasing \ADC_SAR:Net_3207_0\ to Net_12
Aliasing \ADC_SAR:Net_3235\ to Net_12
Aliasing tmpOE__Analog_Input_Pin_1_net_0 to one
Aliasing tmpOE__Analog_Input_Pin_0_net_0 to one
Aliasing \LCD:tmpOE__LCDPort_net_6\ to one
Aliasing \LCD:tmpOE__LCDPort_net_5\ to one
Aliasing \LCD:tmpOE__LCDPort_net_4\ to one
Aliasing \LCD:tmpOE__LCDPort_net_3\ to one
Aliasing \LCD:tmpOE__LCDPort_net_2\ to one
Aliasing \LCD:tmpOE__LCDPort_net_1\ to one
Aliasing \LCD:tmpOE__LCDPort_net_0\ to one
Aliasing \UART:Net_459\ to Net_12
Aliasing \UART:Net_1194\ to Net_12
Aliasing \UART:Net_1195\ to Net_12
Aliasing \UART:Net_1196\ to Net_12
Aliasing \UART:tmpOE__tx_net_0\ to one
Aliasing \UART:tmpOE__rx_net_0\ to one
Aliasing \UART:Net_747\ to Net_12
Aliasing tmpOE__Digital_Output_Pin_U1_net_0 to one
Aliasing tmpOE__Digital_Output_Pin_U2_net_0 to one
Aliasing \Timer:TimerUDB:capture_last\\D\ to Net_12
Aliasing \Timer:TimerUDB:hwEnable_reg\\D\ to \Timer:TimerUDB:run_mode\
Aliasing \Timer:TimerUDB:capture_out_reg_i\\D\ to \Timer:TimerUDB:capt_fifo_load_int\
Removing Lhs of wire zero[9] = Net_12[2]
Removing Lhs of wire \Timer:TimerUDB:ctrl_enable\[18] = \Timer:TimerUDB:control_7\[10]
Removing Lhs of wire \Timer:TimerUDB:ctrl_cmode_1\[20] = Net_12[2]
Removing Rhs of wire \Timer:TimerUDB:timer_enable\[29] = \Timer:TimerUDB:runmode_enable\[42]
Removing Rhs of wire \Timer:TimerUDB:run_mode\[30] = \Timer:TimerUDB:hwEnable\[31]
Removing Lhs of wire \Timer:TimerUDB:run_mode\[30] = \Timer:TimerUDB:control_7\[10]
Removing Lhs of wire \Timer:TimerUDB:trigger_enable\[33] = one[4]
Removing Lhs of wire \Timer:TimerUDB:tc_i\[35] = \Timer:TimerUDB:status_tc\[32]
Removing Lhs of wire \Timer:TimerUDB:capt_fifo_load_int\[41] = \Timer:TimerUDB:capt_fifo_load\[28]
Removing Lhs of wire \Timer:TimerUDB:status_6\[44] = Net_12[2]
Removing Lhs of wire \Timer:TimerUDB:status_5\[45] = Net_12[2]
Removing Lhs of wire \Timer:TimerUDB:status_4\[46] = Net_12[2]
Removing Lhs of wire \Timer:TimerUDB:status_0\[47] = \Timer:TimerUDB:status_tc\[32]
Removing Lhs of wire \Timer:TimerUDB:status_1\[48] = \Timer:TimerUDB:capt_fifo_load\[28]
Removing Rhs of wire \Timer:TimerUDB:status_2\[49] = \Timer:TimerUDB:fifo_full\[50]
Removing Rhs of wire \Timer:TimerUDB:status_3\[51] = \Timer:TimerUDB:fifo_nempty\[52]
Removing Lhs of wire \Timer:TimerUDB:cs_addr_2\[55] = Net_12[2]
Removing Lhs of wire \Timer:TimerUDB:cs_addr_1\[56] = \Timer:TimerUDB:trig_reg\[43]
Removing Lhs of wire \Timer:TimerUDB:cs_addr_0\[57] = \Timer:TimerUDB:per_zero\[34]
Removing Lhs of wire \ADC_SAR:Net_3107\[267] = Net_12[2]
Removing Lhs of wire \ADC_SAR:Net_3106\[268] = Net_12[2]
Removing Lhs of wire \ADC_SAR:Net_3105\[269] = Net_12[2]
Removing Lhs of wire \ADC_SAR:Net_3104\[270] = Net_12[2]
Removing Lhs of wire \ADC_SAR:Net_3103\[271] = Net_12[2]
Removing Lhs of wire \ADC_SAR:Net_17\[313] = \ADC_SAR:Net_1845\[198]
Removing Lhs of wire \ADC_SAR:Net_3207_1\[335] = Net_12[2]
Removing Lhs of wire \ADC_SAR:Net_3207_0\[336] = Net_12[2]
Removing Lhs of wire \ADC_SAR:Net_3235\[337] = Net_12[2]
Removing Lhs of wire tmpOE__Analog_Input_Pin_1_net_0[417] = one[4]
Removing Lhs of wire tmpOE__Analog_Input_Pin_0_net_0[424] = one[4]
Removing Lhs of wire \LCD:tmpOE__LCDPort_net_6\[431] = one[4]
Removing Lhs of wire \LCD:tmpOE__LCDPort_net_5\[432] = one[4]
Removing Lhs of wire \LCD:tmpOE__LCDPort_net_4\[433] = one[4]
Removing Lhs of wire \LCD:tmpOE__LCDPort_net_3\[434] = one[4]
Removing Lhs of wire \LCD:tmpOE__LCDPort_net_2\[435] = one[4]
Removing Lhs of wire \LCD:tmpOE__LCDPort_net_1\[436] = one[4]
Removing Lhs of wire \LCD:tmpOE__LCDPort_net_0\[437] = one[4]
Removing Lhs of wire \UART:Net_459\[456] = Net_12[2]
Removing Lhs of wire \UART:Net_652\[457] = Net_12[2]
Removing Lhs of wire \UART:Net_1194\[459] = Net_12[2]
Removing Lhs of wire \UART:Net_1195\[460] = Net_12[2]
Removing Lhs of wire \UART:Net_1196\[461] = Net_12[2]
Removing Rhs of wire \UART:Net_654\[462] = \UART:Net_1197\[463]
Removing Lhs of wire \UART:Net_1170\[466] = \UART:Net_847\[455]
Removing Lhs of wire \UART:Net_990\[467] = Net_12[2]
Removing Lhs of wire \UART:Net_909\[468] = Net_12[2]
Removing Lhs of wire \UART:Net_663\[469] = Net_12[2]
Removing Lhs of wire \UART:tmpOE__tx_net_0\[471] = one[4]
Removing Lhs of wire \UART:tmpOE__rx_net_0\[480] = one[4]
Removing Lhs of wire \UART:Net_1175\[484] = Net_12[2]
Removing Lhs of wire \UART:Net_747\[485] = Net_12[2]
Removing Lhs of wire tmpOE__Digital_Output_Pin_U1_net_0[511] = one[4]
Removing Lhs of wire tmpOE__Digital_Output_Pin_U2_net_0[518] = one[4]
Removing Lhs of wire \Timer:TimerUDB:capture_last\\D\[524] = Net_12[2]
Removing Lhs of wire \Timer:TimerUDB:tc_reg_i\\D\[525] = \Timer:TimerUDB:status_tc\[32]
Removing Lhs of wire \Timer:TimerUDB:hwEnable_reg\\D\[526] = \Timer:TimerUDB:control_7\[10]
Removing Lhs of wire \Timer:TimerUDB:capture_out_reg_i\\D\[527] = \Timer:TimerUDB:capt_fifo_load\[28]

------------------------------------------------------
Aliased 0 equations, 57 wires.
------------------------------------------------------

----------------------------------------------------------
Circuit simplification
----------------------------------------------------------

Substituting virtuals - pass 1:

Note:  Expanding virtual equation for 'Net_12' (cost = 0):
Net_12 <=  ('0') ;

Note:  Expanding virtual equation for 'one' (cost = 0):
one <=  ('1') ;

Note:  Expanding virtual equation for '\Timer:TimerUDB:fifo_load_polarized\' (cost = 0):
\Timer:TimerUDB:fifo_load_polarized\ <=  ('0') ;

Note:  Expanding virtual equation for '\Timer:TimerUDB:timer_enable\' (cost = 0):
\Timer:TimerUDB:timer_enable\ <= (\Timer:TimerUDB:control_7\);


Substituting virtuals - pass 2:


----------------------------------------------------------
Circuit simplification results:

	Expanded 4 signals.
	Turned 0 signals into soft nodes.
	Maximum default expansion cost was set at 3.
----------------------------------------------------------

------------------------------------------------------
Alias Detection
------------------------------------------------------
Aliasing \Timer:TimerUDB:capt_fifo_load\ to Net_12
Removing Lhs of wire \Timer:TimerUDB:capt_fifo_load\[28] = Net_12[2]
Removing Lhs of wire \Timer:TimerUDB:trig_reg\[43] = \Timer:TimerUDB:control_7\[10]

------------------------------------------------------
Aliased 0 equations, 2 wires.
------------------------------------------------------

----------------------------------------------------------
Circuit simplification
----------------------------------------------------------

Eliminating unused logic - pass 1:


Eliminating unused logic - pass 2:


Substituting virtuals - pass 1:


----------------------------------------------------------
Circuit simplification results:

	Expanded 0 signals.
	Turned 0 signals into soft nodes.
	Maximum default expansion cost was set at 3.
----------------------------------------------------------

topld:  No errors.

CYPRESS_DIR    : C:\Program Files (x86)\Cypress\PSoC Creator\3.2\PSoC Creator\warp
Warp Program   : C:\Program Files (x86)\Cypress\PSoC Creator\3.2\PSoC Creator\warp\bin/warp.exe
Warp Arguments : -yv2 -q10 -ygs -o2 -v3 -.fftcfgtype=LE -ya "-.fftprj=C:\Users\Ramm\Documents\PSoC Creator\Tesis\PSoC B-0100\PSoC B-0100.cydsn\PSoC B-0100.cyprj" -dcpsoc3 "PSoC B-0100.v" -verilog
</CYPRESSTAG>
Warp synthesis phase: Elapsed time ==> 1s.040ms
<CYPRESSTAG name="Fitter results...">
<CYPRESSTAG name="Fitter startup details...">
cyp3fit: V3.2.0.724, Family: PSoC3, Started at: Saturday, 20 June 2015 02:04:45
Options: -yv2 -q10 -ygs -o2 -v3 -.fftcfgtype=LE -ya -.fftprj=C:\Users\Ramm\Documents\PSoC Creator\Tesis\PSoC B-0100\PSoC B-0100.cydsn\PSoC B-0100.cyprj -d CY8C4245AXI-483 PSoC B-0100.v -verilog
</CYPRESSTAG>
<CYPRESSTAG name="Design parsing">
Design parsing phase: Elapsed time ==> 0s.017ms
</CYPRESSTAG>
<CYPRESSTAG name="Tech mapping">
<CYPRESSTAG name="Initial Mapping" icon="FILE_RPT_TECHM">
    Converted constant MacroCell: \Timer:TimerUDB:capture_last\ from registered to combinatorial
    Converted constant MacroCell: \Timer:TimerUDB:capture_out_reg_i\ from registered to combinatorial

Removing unused cells resulting from optimization
Done removing unused cells.
<CYPRESSTAG name="Global Clock Selection" icon="FILE_RPT_TECHM">
    Digital Clock 0: Automatic-assigning  clock 'T_Clock'. Fanout=2, Signal=Net_10_digital
    Fixed Function Clock 7: Automatic-assigning  clock 'ADC_SAR_intClock'. Signal=\ADC_SAR:Net_1845_ff7\
    Fixed Function Clock 2: Automatic-assigning  clock 'UART_SCBCLK'. Signal=\UART:Net_847_ff2\
<CYPRESSTAG name="UDB Clock/Enable Remapping Results">
    UDB Clk/Enable \Timer:TimerUDB:clock_enable_block\: with output requested to be synchronous
        ClockIn: ClockGenBlock:m0s8clockgenblockcell.gen_clk_out_0 was determined to be a global clock that is synchronous to HFCLK
        EnableIn: Constant 1 was determined to be synchronous to ClockIn
        ClockOut: ClockGenBlock:m0s8clockgenblockcell.gen_clk_out_0, EnableOut: Constant 1
    UDB Clk/Enable \Timer:TimerUDB:sCTRLReg:SyncCtl:cy_psoc3_udb_Ctl_Clk_Sync\: with output requested to be synchronous
        ClockIn: ClockGenBlock:m0s8clockgenblockcell.gen_clk_out_0 was determined to be a global clock that is synchronous to HFCLK
        EnableIn: Constant 1 was determined to be synchronous to ClockIn
        ClockOut: ClockGenBlock:m0s8clockgenblockcell.gen_clk_out_0, EnableOut: Constant 1
</CYPRESSTAG>
</CYPRESSTAG>

Removing unused cells resulting from optimization
Done removing unused cells.
<CYPRESSTAG name="Duplicate Macrocell detection">
</CYPRESSTAG>
</CYPRESSTAG>
<CYPRESSTAG name="Duplicate Macrocell detection">
</CYPRESSTAG>
<CYPRESSTAG name="Design Equations" icon="FILE_RPT_EQUATION">

------------------------------------------------------------
Design Equations
------------------------------------------------------------
    <CYPRESSTAG name="Pin listing">

    ------------------------------------------------------------
    Pin listing
    ------------------------------------------------------------

    Pin : Name = Analog_Input_Pin_0(0)
        Attributes:
            In Group/Port: True
            In Sync Option: AUTO
            Out Sync Option: AUTO
            Interrupt generated: False
            Interrupt mode: NONE
            Drive mode: HI_Z_ANALOG
            VTrip: EITHER
            Slew: FAST
            Input Sync needed: False
            Output Sync needed: False
            SC shield enabled: False
            POR State: ANY
            LCD Mode: COMMON
            Register Mode: RegComb
            CaSense Mode: NEITHER
            Treat as pin: True
            Is OE Registered: False
            Uses Analog: True
            Can contain Digital: False
            Is SIO: False
            SIO Output Buf: NONREGULATED
            SIO Input Buf: SINGLE_ENDED
            SIO HiFreq: LOW
            SIO Hyst: DISABLED
            SIO Vtrip: MULTIPLIER_0_5
            SIO RefSel: VCC_IO
            Required Capabilitites: ANALOG
            Initial Value: 1
            IO Voltage: 0
        PORT MAP (
            pa_out => Analog_Input_Pin_0(0)__PA ,
            analog_term => Net_187 ,
            pad => Analog_Input_Pin_0(0)_PAD );
        Properties:
        {
        }

    Pin : Name = Analog_Input_Pin_1(0)
        Attributes:
            In Group/Port: True
            In Sync Option: AUTO
            Out Sync Option: AUTO
            Interrupt generated: False
            Interrupt mode: NONE
            Drive mode: HI_Z_ANALOG
            VTrip: EITHER
            Slew: FAST
            Input Sync needed: False
            Output Sync needed: False
            SC shield enabled: False
            POR State: ANY
            LCD Mode: COMMON
            Register Mode: RegComb
            CaSense Mode: NEITHER
            Treat as pin: True
            Is OE Registered: False
            Uses Analog: True
            Can contain Digital: False
            Is SIO: False
            SIO Output Buf: NONREGULATED
            SIO Input Buf: SINGLE_ENDED
            SIO HiFreq: LOW
            SIO Hyst: DISABLED
            SIO Vtrip: MULTIPLIER_0_5
            SIO RefSel: VCC_IO
            Required Capabilitites: ANALOG
            Initial Value: 1
            IO Voltage: 0
        PORT MAP (
            pa_out => Analog_Input_Pin_1(0)__PA ,
            analog_term => Net_177 ,
            pad => Analog_Input_Pin_1(0)_PAD );
        Properties:
        {
        }

    Pin : Name = Digital_Output_Pin_U1(0)
        Attributes:
            In Group/Port: True
            In Sync Option: AUTO
            Out Sync Option: NOSYNC
            Interrupt generated: False
            Interrupt mode: NONE
            Drive mode: CMOS_OUT
            VTrip: EITHER
            Slew: FAST
            Input Sync needed: False
            Output Sync needed: False
            SC shield enabled: False
            POR State: ANY
            LCD Mode: COMMON
            Register Mode: RegComb
            CaSense Mode: NEITHER
            Treat as pin: True
            Is OE Registered: False
            Uses Analog: False
            Can contain Digital: True
            Is SIO: False
            SIO Output Buf: NONREGULATED
            SIO Input Buf: SINGLE_ENDED
            SIO HiFreq: LOW
            SIO Hyst: DISABLED
            SIO Vtrip: MULTIPLIER_0_5
            SIO RefSel: VCC_IO
            Required Capabilitites: DIGITAL
            Initial Value: 0
            IO Voltage: 0
        PORT MAP (
            pa_out => Digital_Output_Pin_U1(0)__PA ,
            pad => Digital_Output_Pin_U1(0)_PAD );
        Properties:
        {
        }

    Pin : Name = Digital_Output_Pin_U2(0)
        Attributes:
            In Group/Port: True
            In Sync Option: AUTO
            Out Sync Option: NOSYNC
            Interrupt generated: False
            Interrupt mode: NONE
            Drive mode: CMOS_OUT
            VTrip: EITHER
            Slew: FAST
            Input Sync needed: False
            Output Sync needed: False
            SC shield enabled: False
            POR State: ANY
            LCD Mode: COMMON
            Register Mode: RegComb
            CaSense Mode: NEITHER
            Treat as pin: True
            Is OE Registered: False
            Uses Analog: False
            Can contain Digital: True
            Is SIO: False
            SIO Output Buf: NONREGULATED
            SIO Input Buf: SINGLE_ENDED
            SIO HiFreq: LOW
            SIO Hyst: DISABLED
            SIO Vtrip: MULTIPLIER_0_5
            SIO RefSel: VCC_IO
            Required Capabilitites: DIGITAL
            Initial Value: 0
            IO Voltage: 0
        PORT MAP (
            pa_out => Digital_Output_Pin_U2(0)__PA ,
            pad => Digital_Output_Pin_U2(0)_PAD );
        Properties:
        {
        }

    Pin : Name = \LCD:LCDPort(0)\
        Attributes:
            In Group/Port: True
            In Sync Option: AUTO
            Out Sync Option: NOSYNC
            Interrupt generated: False
            Interrupt mode: NONE
            Drive mode: CMOS_OUT
            VTrip: EITHER
            Slew: FAST
            Input Sync needed: False
            Output Sync needed: False
            SC shield enabled: False
            POR State: ANY
            LCD Mode: COMMON
            Register Mode: RegComb
            CaSense Mode: NEITHER
            Treat as pin: False
            Is OE Registered: False
            Uses Analog: False
            Can contain Digital: True
            Is SIO: False
            SIO Output Buf: NONREGULATED
            SIO Input Buf: SINGLE_ENDED
            SIO HiFreq: LOW
            SIO Hyst: DISABLED
            SIO Vtrip: MULTIPLIER_0_5
            SIO RefSel: VCC_IO
            Required Capabilitites: DIGITAL
            Initial Value: 0
            IO Voltage: 0
        PORT MAP (
            pa_out => \LCD:LCDPort(0)\__PA ,
            pad => \LCD:LCDPort(0)_PAD\ );
        Properties:
        {
        }

    Pin : Name = \LCD:LCDPort(1)\
        Attributes:
            In Group/Port: True
            In Sync Option: AUTO
            Out Sync Option: NOSYNC
            Interrupt generated: False
            Interrupt mode: NONE
            Drive mode: CMOS_OUT
            VTrip: EITHER
            Slew: FAST
            Input Sync needed: False
            Output Sync needed: False
            SC shield enabled: False
            POR State: ANY
            LCD Mode: COMMON
            Register Mode: RegComb
            CaSense Mode: NEITHER
            Treat as pin: False
            Is OE Registered: False
            Uses Analog: False
            Can contain Digital: True
            Is SIO: False
            SIO Output Buf: NONREGULATED
            SIO Input Buf: SINGLE_ENDED
            SIO HiFreq: LOW
            SIO Hyst: DISABLED
            SIO Vtrip: MULTIPLIER_0_5
            SIO RefSel: VCC_IO
            Required Capabilitites: DIGITAL
            Initial Value: 0
            IO Voltage: 0
        PORT MAP (
            pa_out => \LCD:LCDPort(1)\__PA ,
            pad => \LCD:LCDPort(1)_PAD\ );
        Properties:
        {
        }

    Pin : Name = \LCD:LCDPort(2)\
        Attributes:
            In Group/Port: True
            In Sync Option: AUTO
            Out Sync Option: NOSYNC
            Interrupt generated: False
            Interrupt mode: NONE
            Drive mode: CMOS_OUT
            VTrip: EITHER
            Slew: FAST
            Input Sync needed: False
            Output Sync needed: False
            SC shield enabled: False
            POR State: ANY
            LCD Mode: COMMON
            Register Mode: RegComb
            CaSense Mode: NEITHER
            Treat as pin: False
            Is OE Registered: False
            Uses Analog: False
            Can contain Digital: True
            Is SIO: False
            SIO Output Buf: NONREGULATED
            SIO Input Buf: SINGLE_ENDED
            SIO HiFreq: LOW
            SIO Hyst: DISABLED
            SIO Vtrip: MULTIPLIER_0_5
            SIO RefSel: VCC_IO
            Required Capabilitites: DIGITAL
            Initial Value: 0
            IO Voltage: 0
        PORT MAP (
            pa_out => \LCD:LCDPort(2)\__PA ,
            pad => \LCD:LCDPort(2)_PAD\ );
        Properties:
        {
        }

    Pin : Name = \LCD:LCDPort(3)\
        Attributes:
            In Group/Port: True
            In Sync Option: AUTO
            Out Sync Option: NOSYNC
            Interrupt generated: False
            Interrupt mode: NONE
            Drive mode: CMOS_OUT
            VTrip: EITHER
            Slew: FAST
            Input Sync needed: False
            Output Sync needed: False
            SC shield enabled: False
            POR State: ANY
            LCD Mode: COMMON
            Register Mode: RegComb
            CaSense Mode: NEITHER
            Treat as pin: False
            Is OE Registered: False
            Uses Analog: False
            Can contain Digital: True
            Is SIO: False
            SIO Output Buf: NONREGULATED
            SIO Input Buf: SINGLE_ENDED
            SIO HiFreq: LOW
            SIO Hyst: DISABLED
            SIO Vtrip: MULTIPLIER_0_5
            SIO RefSel: VCC_IO
            Required Capabilitites: DIGITAL
            Initial Value: 0
            IO Voltage: 0
        PORT MAP (
            pa_out => \LCD:LCDPort(3)\__PA ,
            pad => \LCD:LCDPort(3)_PAD\ );
        Properties:
        {
        }

    Pin : Name = \LCD:LCDPort(4)\
        Attributes:
            In Group/Port: True
            In Sync Option: AUTO
            Out Sync Option: NOSYNC
            Interrupt generated: False
            Interrupt mode: NONE
            Drive mode: CMOS_OUT
            VTrip: EITHER
            Slew: FAST
            Input Sync needed: False
            Output Sync needed: False
            SC shield enabled: False
            POR State: ANY
            LCD Mode: COMMON
            Register Mode: RegComb
            CaSense Mode: NEITHER
            Treat as pin: False
            Is OE Registered: False
            Uses Analog: False
            Can contain Digital: True
            Is SIO: False
            SIO Output Buf: NONREGULATED
            SIO Input Buf: SINGLE_ENDED
            SIO HiFreq: LOW
            SIO Hyst: DISABLED
            SIO Vtrip: MULTIPLIER_0_5
            SIO RefSel: VCC_IO
            Required Capabilitites: DIGITAL
            Initial Value: 0
            IO Voltage: 0
        PORT MAP (
            pa_out => \LCD:LCDPort(4)\__PA ,
            pad => \LCD:LCDPort(4)_PAD\ );
        Properties:
        {
        }

    Pin : Name = \LCD:LCDPort(5)\
        Attributes:
            In Group/Port: True
            In Sync Option: AUTO
            Out Sync Option: NOSYNC
            Interrupt generated: False
            Interrupt mode: NONE
            Drive mode: CMOS_OUT
            VTrip: EITHER
            Slew: FAST
            Input Sync needed: False
            Output Sync needed: False
            SC shield enabled: False
            POR State: ANY
            LCD Mode: COMMON
            Register Mode: RegComb
            CaSense Mode: NEITHER
            Treat as pin: False
            Is OE Registered: False
            Uses Analog: False
            Can contain Digital: True
            Is SIO: False
            SIO Output Buf: NONREGULATED
            SIO Input Buf: SINGLE_ENDED
            SIO HiFreq: LOW
            SIO Hyst: DISABLED
            SIO Vtrip: MULTIPLIER_0_5
            SIO RefSel: VCC_IO
            Required Capabilitites: DIGITAL
            Initial Value: 0
            IO Voltage: 0
        PORT MAP (
            pa_out => \LCD:LCDPort(5)\__PA ,
            pad => \LCD:LCDPort(5)_PAD\ );
        Properties:
        {
        }

    Pin : Name = \LCD:LCDPort(6)\
        Attributes:
            In Group/Port: True
            In Sync Option: AUTO
            Out Sync Option: NOSYNC
            Interrupt generated: False
            Interrupt mode: NONE
            Drive mode: CMOS_OUT
            VTrip: EITHER
            Slew: FAST
            Input Sync needed: False
            Output Sync needed: False
            SC shield enabled: False
            POR State: ANY
            LCD Mode: COMMON
            Register Mode: RegComb
            CaSense Mode: NEITHER
            Treat as pin: False
            Is OE Registered: False
            Uses Analog: False
            Can contain Digital: True
            Is SIO: False
            SIO Output Buf: NONREGULATED
            SIO Input Buf: SINGLE_ENDED
            SIO HiFreq: LOW
            SIO Hyst: DISABLED
            SIO Vtrip: MULTIPLIER_0_5
            SIO RefSel: VCC_IO
            Required Capabilitites: DIGITAL
            Initial Value: 0
            IO Voltage: 0
        PORT MAP (
            pa_out => \LCD:LCDPort(6)\__PA ,
            pad => \LCD:LCDPort(6)_PAD\ );
        Properties:
        {
        }

    Pin : Name = \UART:rx(0)\
        Attributes:
            In Group/Port: True
            In Sync Option: NOSYNC
            Out Sync Option: AUTO
            Interrupt generated: False
            Interrupt mode: NONE
            Drive mode: HI_Z_DIGITAL
            VTrip: CMOS
            Slew: FAST
            Input Sync needed: False
            Output Sync needed: False
            SC shield enabled: False
            POR State: ANY
            LCD Mode: COMMON
            Register Mode: RegComb
            CaSense Mode: NEITHER
            Treat as pin: True
            Is OE Registered: False
            Uses Analog: False
            Can contain Digital: True
            Is SIO: False
            SIO Output Buf: NONREGULATED
            SIO Input Buf: SINGLE_ENDED
            SIO HiFreq: LOW
            SIO Hyst: DISABLED
            SIO Vtrip: MULTIPLIER_0_5
            SIO RefSel: VCC_IO
            Required Capabilitites: DIGITAL
            Initial Value: 0
            IO Voltage: 0
        PORT MAP (
            pa_out => \UART:rx(0)\__PA ,
            fb => \UART:Net_654\ ,
            pad => \UART:rx(0)_PAD\ );
        Properties:
        {
        }

    Pin : Name = \UART:tx(0)\
        Attributes:
            In Group/Port: True
            In Sync Option: NOSYNC
            Out Sync Option: NOSYNC
            Interrupt generated: False
            Interrupt mode: NONE
            Drive mode: CMOS_OUT
            VTrip: CMOS
            Slew: FAST
            Input Sync needed: False
            Output Sync needed: False
            SC shield enabled: False
            POR State: ANY
            LCD Mode: COMMON
            Register Mode: RegComb
            CaSense Mode: NEITHER
            Treat as pin: True
            Is OE Registered: False
            Uses Analog: False
            Can contain Digital: True
            Is SIO: False
            SIO Output Buf: NONREGULATED
            SIO Input Buf: SINGLE_ENDED
            SIO HiFreq: LOW
            SIO Hyst: DISABLED
            SIO Vtrip: MULTIPLIER_0_5
            SIO RefSel: VCC_IO
            Required Capabilitites: DIGITAL
            Initial Value: 1
            IO Voltage: 0
        PORT MAP (
            pa_out => \UART:tx(0)\__PA ,
            input => \UART:Net_1062\ ,
            pad => \UART:tx(0)_PAD\ );
        Properties:
        {
        }
    </CYPRESSTAG>
    <CYPRESSTAG name="Macrocell listing" icon="FILE_RPT_EQUATION">

    ------------------------------------------------------------
    Macrocell listing
    ------------------------------------------------------------

    MacroCell: Name=\Timer:TimerUDB:status_tc\, Mode=(Combinatorial)
        Total # of inputs        : 2
        Total # of product terms : 1
            Clock Enable: True
        Main Equation            : 1 pterm
        (
              \Timer:TimerUDB:control_7\ * \Timer:TimerUDB:per_zero\
        );
        Output = \Timer:TimerUDB:status_tc\ (fanout=1)
    </CYPRESSTAG>
    <CYPRESSTAG name="Datapath listing">

    ------------------------------------------------------------
    Datapath listing
    ------------------------------------------------------------

    datapathcell: Name =\Timer:TimerUDB:sT24:timerdp:u0\
        PORT MAP (
            clock => Net_10_digital ,
            cs_addr_1 => \Timer:TimerUDB:control_7\ ,
            cs_addr_0 => \Timer:TimerUDB:per_zero\ ,
            chain_out => \Timer:TimerUDB:sT24:timerdp:carry0\ );
        Properties:
        {
            a0_init = "00000000"
            a1_init = "00000000"
            ce0_sync = 1
            ce1_sync = 1
            cl0_sync = 1
            cl1_sync = 1
            cmsb_sync = 1
            co_msb_sync = 1
            cy_dpconfig = "0000000001000000000000000100000001000000010000000000000010000000000000001000000000000000100000000000000010000000000000001000000011111111000000001111111111111111000000000000000000000001000000000000000000011000"
            d0_init = "00000000"
            d1_init = "00000000"
            f0_blk_sync = 1
            f0_bus_sync = 1
            f1_blk_sync = 1
            f1_bus_sync = 1
            ff0_sync = 1
            ff1_sync = 1
            ov_msb_sync = 1
            so_sync = 1
            z0_sync = 1
            z1_sync = 1
        }
        Clock Polarity: Active High
        Clock Enable: True
        Next in chain : \Timer:TimerUDB:sT24:timerdp:u1\

    datapathcell: Name =\Timer:TimerUDB:sT24:timerdp:u1\
        PORT MAP (
            clock => Net_10_digital ,
            cs_addr_1 => \Timer:TimerUDB:control_7\ ,
            cs_addr_0 => \Timer:TimerUDB:per_zero\ ,
            chain_in => \Timer:TimerUDB:sT24:timerdp:carry0\ ,
            chain_out => \Timer:TimerUDB:sT24:timerdp:carry1\ );
        Properties:
        {
            a0_init = "00000000"
            a1_init = "00000000"
            ce0_sync = 1
            ce1_sync = 1
            cl0_sync = 1
            cl1_sync = 1
            cmsb_sync = 1
            co_msb_sync = 1
            cy_dpconfig = "0000000001000000000000000100000001000000010000000000000010000000000000001000000000000000100000000000000010000000000000001000000011111111000000001111111111111111100000110000000000000001000000110000000000011000"
            d0_init = "00000000"
            d1_init = "00000000"
            f0_blk_sync = 1
            f0_bus_sync = 1
            f1_blk_sync = 1
            f1_bus_sync = 1
            ff0_sync = 1
            ff1_sync = 1
            ov_msb_sync = 1
            so_sync = 1
            z0_sync = 1
            z1_sync = 1
        }
        Clock Polarity: Active High
        Clock Enable: True
        Previous in chain : \Timer:TimerUDB:sT24:timerdp:u0\
        Next in chain : \Timer:TimerUDB:sT24:timerdp:u2\

    datapathcell: Name =\Timer:TimerUDB:sT24:timerdp:u2\
        PORT MAP (
            clock => Net_10_digital ,
            cs_addr_1 => \Timer:TimerUDB:control_7\ ,
            cs_addr_0 => \Timer:TimerUDB:per_zero\ ,
            z0_comb => \Timer:TimerUDB:per_zero\ ,
            f0_bus_stat_comb => \Timer:TimerUDB:status_3\ ,
            f0_blk_stat_comb => \Timer:TimerUDB:status_2\ ,
            chain_in => \Timer:TimerUDB:sT24:timerdp:carry1\ );
        Properties:
        {
            a0_init = "00000000"
            a1_init = "00000000"
            ce0_sync = 1
            ce1_sync = 1
            cl0_sync = 1
            cl1_sync = 1
            cmsb_sync = 1
            co_msb_sync = 1
            cy_dpconfig = "0000000001000000000000000100000001000000010000000000000010000000000000001000000000000000100000000000000010000000000000001000000011111111000000001111111111111111100000110000000000000001000000110000000000011000"
            d0_init = "00000000"
            d1_init = "00000000"
            f0_blk_sync = 1
            f0_bus_sync = 1
            f1_blk_sync = 1
            f1_bus_sync = 1
            ff0_sync = 1
            ff1_sync = 1
            ov_msb_sync = 1
            so_sync = 1
            z0_sync = 1
            z1_sync = 1
        }
        Clock Polarity: Active High
        Clock Enable: True
        Previous in chain : \Timer:TimerUDB:sT24:timerdp:u1\
    </CYPRESSTAG>
    <CYPRESSTAG name="Status register listing">
    </CYPRESSTAG>
    <CYPRESSTAG name="StatusI register listing">

    ------------------------------------------------------------
    StatusI register listing
    ------------------------------------------------------------

    statusicell: Name =\Timer:TimerUDB:rstSts:stsreg\
        PORT MAP (
            clock => Net_10_digital ,
            status_3 => \Timer:TimerUDB:status_3\ ,
            status_2 => \Timer:TimerUDB:status_2\ ,
            status_0 => \Timer:TimerUDB:status_tc\ );
        Properties:
        {
            cy_force_order = 1
            cy_int_mask = "1111111"
            cy_md_select = "0000011"
        }
        Clock Polarity: Active High
        Clock Enable: True
    </CYPRESSTAG>
    <CYPRESSTAG name="Sync listing">
    </CYPRESSTAG>
    <CYPRESSTAG name="Control register listing">

    ------------------------------------------------------------
    Control register listing
    ------------------------------------------------------------

    controlcell: Name =\Timer:TimerUDB:sCTRLReg:SyncCtl:ctrlreg\
        PORT MAP (
            clock => Net_10_digital ,
            control_7 => \Timer:TimerUDB:control_7\ ,
            control_6 => \Timer:TimerUDB:control_6\ ,
            control_5 => \Timer:TimerUDB:control_5\ ,
            control_4 => \Timer:TimerUDB:control_4\ ,
            control_3 => \Timer:TimerUDB:control_3\ ,
            control_2 => \Timer:TimerUDB:control_2\ ,
            control_1 => \Timer:TimerUDB:control_1\ ,
            control_0 => \Timer:TimerUDB:control_0\ );
        Properties:
        {
            cy_ctrl_mode_0 = "11111111"
            cy_ctrl_mode_1 = "00000000"
            cy_ext_reset = 0
            cy_force_order = 1
            cy_init_value = "00000000"
        }
        Clock Polarity: Active High
        Clock Enable: True
    </CYPRESSTAG>
    <CYPRESSTAG name="Count7 listing">
    </CYPRESSTAG>
    <CYPRESSTAG name="DRQ listing">
    </CYPRESSTAG>
    <CYPRESSTAG name="Interrupt listing">

    ------------------------------------------------------------
    Interrupt listing
    ------------------------------------------------------------

    interrupt: Name =ISR_UART_RX_FIFO_NOT_EMPTY
        PORT MAP (
            interrupt => Net_352 );
        Properties:
        {
            int_type = "10"
        }

    interrupt: Name =\ADC_SAR:IRQ\
        PORT MAP (
            interrupt => \ADC_SAR:Net_3112\ );
        Properties:
        {
            int_type = "10"
        }
    </CYPRESSTAG>
</CYPRESSTAG>
<CYPRESSTAG name="Technology mapping summary" expanded>

------------------------------------------------------------
Technology mapping summary
------------------------------------------------------------

Resource Type                 : Used : Free :  Max :  % Used
============================================================
Digital clock dividers        :    1 :    3 :    4 :  25.00%
Pins                          :   15 :   21 :   36 :  41.67%
UDB Macrocells                :    1 :   31 :   32 :   3.13%
UDB Unique Pterms             :    1 :   63 :   64 :   1.56%
UDB Total Pterms              :    1 :      :      : 
UDB Datapath Cells            :    3 :    1 :    4 :  75.00%
UDB Status Cells              :    1 :    3 :    4 :  25.00%
            StatusI Registers :    1 
UDB Control Cells             :    1 :    3 :    4 :  25.00%
            Control Registers :    1 
Interrupts                    :    2 :   30 :   32 :   6.25%
Comparator/Opamp Fixed Blocks :    2 :    0 :    2 : 100.00%
SAR Fixed Blocks              :    1 :    0 :    1 : 100.00%
CSD Fixed Blocks              :    0 :    1 :    1 :   0.00%
CapSense Blocks               :    0 :    1 :    1 :   0.00%
8-bit CapSense IDACs          :    0 :    1 :    1 :   0.00%
7-bit CapSense IDACs          :    0 :    1 :    1 :   0.00%
Temperature Sensors           :    0 :    1 :    1 :   0.00%
Low Power Comparators         :    0 :    2 :    2 :   0.00%
TCPWM Blocks                  :    0 :    4 :    4 :   0.00%
Serial Communication Blocks   :    1 :    1 :    2 :  50.00%
Segment LCD Blocks            :    0 :    1 :    1 :   0.00%
</CYPRESSTAG>
Technology Mapping: Elapsed time ==> 0s.402ms
Tech mapping phase: Elapsed time ==> 0s.432ms
</CYPRESSTAG>
<CYPRESSTAG name="Analog Placement">
<CYPRESSTAG name="Analog Placement">
Elapsed time ==> 0.0134499s
</CYPRESSTAG>
Analog Placement phase: Elapsed time ==> 0s.040ms
</CYPRESSTAG>
<CYPRESSTAG name="Analog Routing">
<CYPRESSTAG name="Analog Routing">
Route success=True, Iterations=1 Elapsed=0.0023418 secs
</CYPRESSTAG>
Analog Routing phase: Elapsed time ==> 0s.003ms
</CYPRESSTAG>
<CYPRESSTAG name="Analog Code Generation">
============ Analog Final Answer Routes ============
Dump of CyAnalogRoutingResultsDB
Map of net to items {
  Net: Net_177 {
    p1_5
    CTB0_A13
    CTB0_oa1_vplus
  }
  Net: Net_187 {
    p1_0
    CTB0_A20
    CTB0_oa0_vplus
  }
  Net: \ADC_SAR:Net_124\ {
    CTB0_oa0_vout1
    CTB0_A81
    CTB0_oa0_vminus
    CTB0_D51
    sarbus0
    SARMUX0_sw24
    sarmux_vminus
  }
  Net: \ADC_SAR:Net_2020\ {
    CTB0_oa1_vout1
    CTB0_A82
    CTB0_oa1_vminus
    CTB0_D62
    sarbus1
    SARMUX0_sw23
    sarmux_vplus
  }
  Net: \ADC_SAR:Net_3016\ {
  }
  Net: \ADC_SAR:Net_3046\ {
  }
  Net: \ADC_SAR:Net_8\ {
  }
}
Map of item to net {
  p1_5                                             -> Net_177
  CTB0_A13                                         -> Net_177
  CTB0_oa1_vplus                                   -> Net_177
  p1_0                                             -> Net_187
  CTB0_A20                                         -> Net_187
  CTB0_oa0_vplus                                   -> Net_187
  CTB0_oa0_vout1                                   -> \ADC_SAR:Net_124\
  CTB0_A81                                         -> \ADC_SAR:Net_124\
  CTB0_oa0_vminus                                  -> \ADC_SAR:Net_124\
  CTB0_D51                                         -> \ADC_SAR:Net_124\
  sarbus0                                          -> \ADC_SAR:Net_124\
  SARMUX0_sw24                                     -> \ADC_SAR:Net_124\
  sarmux_vminus                                    -> \ADC_SAR:Net_124\
  CTB0_oa1_vout1                                   -> \ADC_SAR:Net_2020\
  CTB0_A82                                         -> \ADC_SAR:Net_2020\
  CTB0_oa1_vminus                                  -> \ADC_SAR:Net_2020\
  CTB0_D62                                         -> \ADC_SAR:Net_2020\
  sarbus1                                          -> \ADC_SAR:Net_2020\
  SARMUX0_sw23                                     -> \ADC_SAR:Net_2020\
  sarmux_vplus                                     -> \ADC_SAR:Net_2020\
}
Mux Info {
}
Analog Code Generation phase: Elapsed time ==> 0s.117ms
</CYPRESSTAG>
<CYPRESSTAG name="Digital Placement">
<CYPRESSTAG name="Detailed placement messages">
I2076: Total run-time: 0.4 sec.

</CYPRESSTAG>
<CYPRESSTAG name="PLD Packing">
<CYPRESSTAG name="PLD Packing Summary" expanded>

------------------------------------------------------------
PLD Packing Summary
------------------------------------------------------------
            Resource Type : Used : Free :  Max :  % Used
    ====================================================
                     PLDs :    1 :    7 :    8 :  12.50%

<CYPRESSTAG name="PLD Statistics">

        PLD Resource Type :     Average/LAB
    =======================================
                   Inputs :            2.00
                   Pterms :            1.00
               Macrocells :            1.00
</CYPRESSTAG>
<CYPRESSTAG name="Packed PLD Contents">
Packed PLD Contents not displayed at this verbose level.</CYPRESSTAG>
</CYPRESSTAG>
PLD Packing: Elapsed time ==> 0s.003ms
</CYPRESSTAG>
<CYPRESSTAG name="Partitioning">
<CYPRESSTAG name="Initial Partitioning Summary">
Initial Partitioning Summary not displayed at this verbose level.</CYPRESSTAG>
<CYPRESSTAG name="Final Partitioning Summary">
Final Partitioning Summary not displayed at this verbose level.</CYPRESSTAG>
Partitioning: Elapsed time ==> 0s.015ms
</CYPRESSTAG>
<CYPRESSTAG name="Simulated Annealing">
Annealing: Elapsed time ==> 0s.002ms
<CYPRESSTAG name="Simulated Annealing Results">
The seed used for moves was 114161200.
Inital cost was 50, final cost is 50 (0.00% improvement).</CYPRESSTAG>
</CYPRESSTAG>
<CYPRESSTAG name="Final Placement Summary">

------------------------------------------------------------
Final Placement Summary
------------------------------------------------------------

       Resource Type :      Count : Avg Inputs : Avg Outputs
    ========================================================
                 UDB :          3 :       0.67 :       0.33
<CYPRESSTAG name="Final Placement Details">
<CYPRESSTAG name="Component Details">

------------------------------------------------------------
Component Placement Details
------------------------------------------------------------
UDB [UDB=(0,0)] is empty.
UDB [UDB=(0,1)] contents:
datapathcell: Name =\Timer:TimerUDB:sT24:timerdp:u0\
    PORT MAP (
        clock => Net_10_digital ,
        cs_addr_1 => \Timer:TimerUDB:control_7\ ,
        cs_addr_0 => \Timer:TimerUDB:per_zero\ ,
        chain_out => \Timer:TimerUDB:sT24:timerdp:carry0\ );
    Properties:
    {
        a0_init = "00000000"
        a1_init = "00000000"
        ce0_sync = 1
        ce1_sync = 1
        cl0_sync = 1
        cl1_sync = 1
        cmsb_sync = 1
        co_msb_sync = 1
        cy_dpconfig = "0000000001000000000000000100000001000000010000000000000010000000000000001000000000000000100000000000000010000000000000001000000011111111000000001111111111111111000000000000000000000001000000000000000000011000"
        d0_init = "00000000"
        d1_init = "00000000"
        f0_blk_sync = 1
        f0_bus_sync = 1
        f1_blk_sync = 1
        f1_bus_sync = 1
        ff0_sync = 1
        ff1_sync = 1
        ov_msb_sync = 1
        so_sync = 1
        z0_sync = 1
        z1_sync = 1
    }
    Clock Polarity: Active High
    Clock Enable: True
    Next in chain : \Timer:TimerUDB:sT24:timerdp:u1\

UDB [UDB=(1,0)] contents:
LAB@[UDB=(1,0)][LB=0] #macrocells=1, #inputs=2, #pterms=1
{
    [McSlotId=0]:     MacroCell: Name=\Timer:TimerUDB:status_tc\, Mode=(Combinatorial) @ [UDB=(1,0)][LB=0][MC=0]
        Total # of inputs        : 2
        Total # of product terms : 1
            Clock Enable: True
        Main Equation            : 1 pterm
        (
              \Timer:TimerUDB:control_7\ * \Timer:TimerUDB:per_zero\
        );
        Output = \Timer:TimerUDB:status_tc\ (fanout=1)
        Properties               : 
        {
        }

    [McSlotId=1]: (empty)
    [McSlotId=2]: (empty)
    [McSlotId=3]: (empty)
}

datapathcell: Name =\Timer:TimerUDB:sT24:timerdp:u2\
    PORT MAP (
        clock => Net_10_digital ,
        cs_addr_1 => \Timer:TimerUDB:control_7\ ,
        cs_addr_0 => \Timer:TimerUDB:per_zero\ ,
        z0_comb => \Timer:TimerUDB:per_zero\ ,
        f0_bus_stat_comb => \Timer:TimerUDB:status_3\ ,
        f0_blk_stat_comb => \Timer:TimerUDB:status_2\ ,
        chain_in => \Timer:TimerUDB:sT24:timerdp:carry1\ );
    Properties:
    {
        a0_init = "00000000"
        a1_init = "00000000"
        ce0_sync = 1
        ce1_sync = 1
        cl0_sync = 1
        cl1_sync = 1
        cmsb_sync = 1
        co_msb_sync = 1
        cy_dpconfig = "0000000001000000000000000100000001000000010000000000000010000000000000001000000000000000100000000000000010000000000000001000000011111111000000001111111111111111100000110000000000000001000000110000000000011000"
        d0_init = "00000000"
        d1_init = "00000000"
        f0_blk_sync = 1
        f0_bus_sync = 1
        f1_blk_sync = 1
        f1_bus_sync = 1
        ff0_sync = 1
        ff1_sync = 1
        ov_msb_sync = 1
        so_sync = 1
        z0_sync = 1
        z1_sync = 1
    }
    Clock Polarity: Active High
    Clock Enable: True
    Previous in chain : \Timer:TimerUDB:sT24:timerdp:u1\

statusicell: Name =\Timer:TimerUDB:rstSts:stsreg\
    PORT MAP (
        clock => Net_10_digital ,
        status_3 => \Timer:TimerUDB:status_3\ ,
        status_2 => \Timer:TimerUDB:status_2\ ,
        status_0 => \Timer:TimerUDB:status_tc\ );
    Properties:
    {
        cy_force_order = 1
        cy_int_mask = "1111111"
        cy_md_select = "0000011"
    }
    Clock Polarity: Active High
    Clock Enable: True

UDB [UDB=(1,1)] contents:
datapathcell: Name =\Timer:TimerUDB:sT24:timerdp:u1\
    PORT MAP (
        clock => Net_10_digital ,
        cs_addr_1 => \Timer:TimerUDB:control_7\ ,
        cs_addr_0 => \Timer:TimerUDB:per_zero\ ,
        chain_in => \Timer:TimerUDB:sT24:timerdp:carry0\ ,
        chain_out => \Timer:TimerUDB:sT24:timerdp:carry1\ );
    Properties:
    {
        a0_init = "00000000"
        a1_init = "00000000"
        ce0_sync = 1
        ce1_sync = 1
        cl0_sync = 1
        cl1_sync = 1
        cmsb_sync = 1
        co_msb_sync = 1
        cy_dpconfig = "0000000001000000000000000100000001000000010000000000000010000000000000001000000000000000100000000000000010000000000000001000000011111111000000001111111111111111100000110000000000000001000000110000000000011000"
        d0_init = "00000000"
        d1_init = "00000000"
        f0_blk_sync = 1
        f0_bus_sync = 1
        f1_blk_sync = 1
        f1_bus_sync = 1
        ff0_sync = 1
        ff1_sync = 1
        ov_msb_sync = 1
        so_sync = 1
        z0_sync = 1
        z1_sync = 1
    }
    Clock Polarity: Active High
    Clock Enable: True
    Previous in chain : \Timer:TimerUDB:sT24:timerdp:u0\
    Next in chain : \Timer:TimerUDB:sT24:timerdp:u2\

controlcell: Name =\Timer:TimerUDB:sCTRLReg:SyncCtl:ctrlreg\
    PORT MAP (
        clock => Net_10_digital ,
        control_7 => \Timer:TimerUDB:control_7\ ,
        control_6 => \Timer:TimerUDB:control_6\ ,
        control_5 => \Timer:TimerUDB:control_5\ ,
        control_4 => \Timer:TimerUDB:control_4\ ,
        control_3 => \Timer:TimerUDB:control_3\ ,
        control_2 => \Timer:TimerUDB:control_2\ ,
        control_1 => \Timer:TimerUDB:control_1\ ,
        control_0 => \Timer:TimerUDB:control_0\ );
    Properties:
    {
        cy_ctrl_mode_0 = "11111111"
        cy_ctrl_mode_1 = "00000000"
        cy_ext_reset = 0
        cy_force_order = 1
        cy_init_value = "00000000"
    }
    Clock Polarity: Active High
    Clock Enable: True

Intr hod @ [IntrHod=(0)]: 
  Intr@ [IntrHod=(0)][IntrId=(11)] 
    interrupt: Name =ISR_UART_RX_FIFO_NOT_EMPTY
        PORT MAP (
            interrupt => Net_352 );
        Properties:
        {
            int_type = "10"
        }
  Intr@ [IntrHod=(0)][IntrId=(14)] 
    interrupt: Name =\ADC_SAR:IRQ\
        PORT MAP (
            interrupt => \ADC_SAR:Net_3112\ );
        Properties:
        {
            int_type = "10"
        }
Port 0 contains the following IO cells:
[IoId=2]: 
Pin : Name = Digital_Output_Pin_U1(0)
    Attributes:
        In Group/Port: True
        In Sync Option: AUTO
        Out Sync Option: NOSYNC
        Interrupt generated: False
        Interrupt mode: NONE
        Drive mode: CMOS_OUT
        VTrip: EITHER
        Slew: FAST
        Input Sync needed: False
        Output Sync needed: False
        SC shield enabled: False
        POR State: ANY
        LCD Mode: COMMON
        Register Mode: RegComb
        CaSense Mode: NEITHER
        Treat as pin: True
        Is OE Registered: False
        Uses Analog: False
        Can contain Digital: True
        Is SIO: False
        SIO Output Buf: NONREGULATED
        SIO Input Buf: SINGLE_ENDED
        SIO HiFreq: LOW
        SIO Hyst: DISABLED
        SIO Vtrip: MULTIPLIER_0_5
        SIO RefSel: VCC_IO
        Required Capabilitites: DIGITAL
        Initial Value: 0
        IO Voltage: 0
    PORT MAP (
        pa_out => Digital_Output_Pin_U1(0)__PA ,
        pad => Digital_Output_Pin_U1(0)_PAD );
    Properties:
    {
    }

[IoId=3]: 
Pin : Name = Digital_Output_Pin_U2(0)
    Attributes:
        In Group/Port: True
        In Sync Option: AUTO
        Out Sync Option: NOSYNC
        Interrupt generated: False
        Interrupt mode: NONE
        Drive mode: CMOS_OUT
        VTrip: EITHER
        Slew: FAST
        Input Sync needed: False
        Output Sync needed: False
        SC shield enabled: False
        POR State: ANY
        LCD Mode: COMMON
        Register Mode: RegComb
        CaSense Mode: NEITHER
        Treat as pin: True
        Is OE Registered: False
        Uses Analog: False
        Can contain Digital: True
        Is SIO: False
        SIO Output Buf: NONREGULATED
        SIO Input Buf: SINGLE_ENDED
        SIO HiFreq: LOW
        SIO Hyst: DISABLED
        SIO Vtrip: MULTIPLIER_0_5
        SIO RefSel: VCC_IO
        Required Capabilitites: DIGITAL
        Initial Value: 0
        IO Voltage: 0
    PORT MAP (
        pa_out => Digital_Output_Pin_U2(0)__PA ,
        pad => Digital_Output_Pin_U2(0)_PAD );
    Properties:
    {
    }

[IoId=4]: 
Pin : Name = \UART:rx(0)\
    Attributes:
        In Group/Port: True
        In Sync Option: NOSYNC
        Out Sync Option: AUTO
        Interrupt generated: False
        Interrupt mode: NONE
        Drive mode: HI_Z_DIGITAL
        VTrip: CMOS
        Slew: FAST
        Input Sync needed: False
        Output Sync needed: False
        SC shield enabled: False
        POR State: ANY
        LCD Mode: COMMON
        Register Mode: RegComb
        CaSense Mode: NEITHER
        Treat as pin: True
        Is OE Registered: False
        Uses Analog: False
        Can contain Digital: True
        Is SIO: False
        SIO Output Buf: NONREGULATED
        SIO Input Buf: SINGLE_ENDED
        SIO HiFreq: LOW
        SIO Hyst: DISABLED
        SIO Vtrip: MULTIPLIER_0_5
        SIO RefSel: VCC_IO
        Required Capabilitites: DIGITAL
        Initial Value: 0
        IO Voltage: 0
    PORT MAP (
        pa_out => \UART:rx(0)\__PA ,
        fb => \UART:Net_654\ ,
        pad => \UART:rx(0)_PAD\ );
    Properties:
    {
    }

[IoId=5]: 
Pin : Name = \UART:tx(0)\
    Attributes:
        In Group/Port: True
        In Sync Option: NOSYNC
        Out Sync Option: NOSYNC
        Interrupt generated: False
        Interrupt mode: NONE
        Drive mode: CMOS_OUT
        VTrip: CMOS
        Slew: FAST
        Input Sync needed: False
        Output Sync needed: False
        SC shield enabled: False
        POR State: ANY
        LCD Mode: COMMON
        Register Mode: RegComb
        CaSense Mode: NEITHER
        Treat as pin: True
        Is OE Registered: False
        Uses Analog: False
        Can contain Digital: True
        Is SIO: False
        SIO Output Buf: NONREGULATED
        SIO Input Buf: SINGLE_ENDED
        SIO HiFreq: LOW
        SIO Hyst: DISABLED
        SIO Vtrip: MULTIPLIER_0_5
        SIO RefSel: VCC_IO
        Required Capabilitites: DIGITAL
        Initial Value: 1
        IO Voltage: 0
    PORT MAP (
        pa_out => \UART:tx(0)\__PA ,
        input => \UART:Net_1062\ ,
        pad => \UART:tx(0)_PAD\ );
    Properties:
    {
    }

Port 1 contains the following IO cells:
[IoId=0]: 
Pin : Name = Analog_Input_Pin_0(0)
    Attributes:
        In Group/Port: True
        In Sync Option: AUTO
        Out Sync Option: AUTO
        Interrupt generated: False
        Interrupt mode: NONE
        Drive mode: HI_Z_ANALOG
        VTrip: EITHER
        Slew: FAST
        Input Sync needed: False
        Output Sync needed: False
        SC shield enabled: False
        POR State: ANY
        LCD Mode: COMMON
        Register Mode: RegComb
        CaSense Mode: NEITHER
        Treat as pin: True
        Is OE Registered: False
        Uses Analog: True
        Can contain Digital: False
        Is SIO: False
        SIO Output Buf: NONREGULATED
        SIO Input Buf: SINGLE_ENDED
        SIO HiFreq: LOW
        SIO Hyst: DISABLED
        SIO Vtrip: MULTIPLIER_0_5
        SIO RefSel: VCC_IO
        Required Capabilitites: ANALOG
        Initial Value: 1
        IO Voltage: 0
    PORT MAP (
        pa_out => Analog_Input_Pin_0(0)__PA ,
        analog_term => Net_187 ,
        pad => Analog_Input_Pin_0(0)_PAD );
    Properties:
    {
    }

[IoId=5]: 
Pin : Name = Analog_Input_Pin_1(0)
    Attributes:
        In Group/Port: True
        In Sync Option: AUTO
        Out Sync Option: AUTO
        Interrupt generated: False
        Interrupt mode: NONE
        Drive mode: HI_Z_ANALOG
        VTrip: EITHER
        Slew: FAST
        Input Sync needed: False
        Output Sync needed: False
        SC shield enabled: False
        POR State: ANY
        LCD Mode: COMMON
        Register Mode: RegComb
        CaSense Mode: NEITHER
        Treat as pin: True
        Is OE Registered: False
        Uses Analog: True
        Can contain Digital: False
        Is SIO: False
        SIO Output Buf: NONREGULATED
        SIO Input Buf: SINGLE_ENDED
        SIO HiFreq: LOW
        SIO Hyst: DISABLED
        SIO Vtrip: MULTIPLIER_0_5
        SIO RefSel: VCC_IO
        Required Capabilitites: ANALOG
        Initial Value: 1
        IO Voltage: 0
    PORT MAP (
        pa_out => Analog_Input_Pin_1(0)__PA ,
        analog_term => Net_177 ,
        pad => Analog_Input_Pin_1(0)_PAD );
    Properties:
    {
    }

Port 2 contains the following IO cells:
[IoId=0]: 
Pin : Name = \LCD:LCDPort(0)\
    Attributes:
        In Group/Port: True
        In Sync Option: AUTO
        Out Sync Option: NOSYNC
        Interrupt generated: False
        Interrupt mode: NONE
        Drive mode: CMOS_OUT
        VTrip: EITHER
        Slew: FAST
        Input Sync needed: False
        Output Sync needed: False
        SC shield enabled: False
        POR State: ANY
        LCD Mode: COMMON
        Register Mode: RegComb
        CaSense Mode: NEITHER
        Treat as pin: False
        Is OE Registered: False
        Uses Analog: False
        Can contain Digital: True
        Is SIO: False
        SIO Output Buf: NONREGULATED
        SIO Input Buf: SINGLE_ENDED
        SIO HiFreq: LOW
        SIO Hyst: DISABLED
        SIO Vtrip: MULTIPLIER_0_5
        SIO RefSel: VCC_IO
        Required Capabilitites: DIGITAL
        Initial Value: 0
        IO Voltage: 0
    PORT MAP (
        pa_out => \LCD:LCDPort(0)\__PA ,
        pad => \LCD:LCDPort(0)_PAD\ );
    Properties:
    {
    }

[IoId=1]: 
Pin : Name = \LCD:LCDPort(1)\
    Attributes:
        In Group/Port: True
        In Sync Option: AUTO
        Out Sync Option: NOSYNC
        Interrupt generated: False
        Interrupt mode: NONE
        Drive mode: CMOS_OUT
        VTrip: EITHER
        Slew: FAST
        Input Sync needed: False
        Output Sync needed: False
        SC shield enabled: False
        POR State: ANY
        LCD Mode: COMMON
        Register Mode: RegComb
        CaSense Mode: NEITHER
        Treat as pin: False
        Is OE Registered: False
        Uses Analog: False
        Can contain Digital: True
        Is SIO: False
        SIO Output Buf: NONREGULATED
        SIO Input Buf: SINGLE_ENDED
        SIO HiFreq: LOW
        SIO Hyst: DISABLED
        SIO Vtrip: MULTIPLIER_0_5
        SIO RefSel: VCC_IO
        Required Capabilitites: DIGITAL
        Initial Value: 0
        IO Voltage: 0
    PORT MAP (
        pa_out => \LCD:LCDPort(1)\__PA ,
        pad => \LCD:LCDPort(1)_PAD\ );
    Properties:
    {
    }

[IoId=2]: 
Pin : Name = \LCD:LCDPort(2)\
    Attributes:
        In Group/Port: True
        In Sync Option: AUTO
        Out Sync Option: NOSYNC
        Interrupt generated: False
        Interrupt mode: NONE
        Drive mode: CMOS_OUT
        VTrip: EITHER
        Slew: FAST
        Input Sync needed: False
        Output Sync needed: False
        SC shield enabled: False
        POR State: ANY
        LCD Mode: COMMON
        Register Mode: RegComb
        CaSense Mode: NEITHER
        Treat as pin: False
        Is OE Registered: False
        Uses Analog: False
        Can contain Digital: True
        Is SIO: False
        SIO Output Buf: NONREGULATED
        SIO Input Buf: SINGLE_ENDED
        SIO HiFreq: LOW
        SIO Hyst: DISABLED
        SIO Vtrip: MULTIPLIER_0_5
        SIO RefSel: VCC_IO
        Required Capabilitites: DIGITAL
        Initial Value: 0
        IO Voltage: 0
    PORT MAP (
        pa_out => \LCD:LCDPort(2)\__PA ,
        pad => \LCD:LCDPort(2)_PAD\ );
    Properties:
    {
    }

[IoId=3]: 
Pin : Name = \LCD:LCDPort(3)\
    Attributes:
        In Group/Port: True
        In Sync Option: AUTO
        Out Sync Option: NOSYNC
        Interrupt generated: False
        Interrupt mode: NONE
        Drive mode: CMOS_OUT
        VTrip: EITHER
        Slew: FAST
        Input Sync needed: False
        Output Sync needed: False
        SC shield enabled: False
        POR State: ANY
        LCD Mode: COMMON
        Register Mode: RegComb
        CaSense Mode: NEITHER
        Treat as pin: False
        Is OE Registered: False
        Uses Analog: False
        Can contain Digital: True
        Is SIO: False
        SIO Output Buf: NONREGULATED
        SIO Input Buf: SINGLE_ENDED
        SIO HiFreq: LOW
        SIO Hyst: DISABLED
        SIO Vtrip: MULTIPLIER_0_5
        SIO RefSel: VCC_IO
        Required Capabilitites: DIGITAL
        Initial Value: 0
        IO Voltage: 0
    PORT MAP (
        pa_out => \LCD:LCDPort(3)\__PA ,
        pad => \LCD:LCDPort(3)_PAD\ );
    Properties:
    {
    }

[IoId=4]: 
Pin : Name = \LCD:LCDPort(4)\
    Attributes:
        In Group/Port: True
        In Sync Option: AUTO
        Out Sync Option: NOSYNC
        Interrupt generated: False
        Interrupt mode: NONE
        Drive mode: CMOS_OUT
        VTrip: EITHER
        Slew: FAST
        Input Sync needed: False
        Output Sync needed: False
        SC shield enabled: False
        POR State: ANY
        LCD Mode: COMMON
        Register Mode: RegComb
        CaSense Mode: NEITHER
        Treat as pin: False
        Is OE Registered: False
        Uses Analog: False
        Can contain Digital: True
        Is SIO: False
        SIO Output Buf: NONREGULATED
        SIO Input Buf: SINGLE_ENDED
        SIO HiFreq: LOW
        SIO Hyst: DISABLED
        SIO Vtrip: MULTIPLIER_0_5
        SIO RefSel: VCC_IO
        Required Capabilitites: DIGITAL
        Initial Value: 0
        IO Voltage: 0
    PORT MAP (
        pa_out => \LCD:LCDPort(4)\__PA ,
        pad => \LCD:LCDPort(4)_PAD\ );
    Properties:
    {
    }

[IoId=5]: 
Pin : Name = \LCD:LCDPort(5)\
    Attributes:
        In Group/Port: True
        In Sync Option: AUTO
        Out Sync Option: NOSYNC
        Interrupt generated: False
        Interrupt mode: NONE
        Drive mode: CMOS_OUT
        VTrip: EITHER
        Slew: FAST
        Input Sync needed: False
        Output Sync needed: False
        SC shield enabled: False
        POR State: ANY
        LCD Mode: COMMON
        Register Mode: RegComb
        CaSense Mode: NEITHER
        Treat as pin: False
        Is OE Registered: False
        Uses Analog: False
        Can contain Digital: True
        Is SIO: False
        SIO Output Buf: NONREGULATED
        SIO Input Buf: SINGLE_ENDED
        SIO HiFreq: LOW
        SIO Hyst: DISABLED
        SIO Vtrip: MULTIPLIER_0_5
        SIO RefSel: VCC_IO
        Required Capabilitites: DIGITAL
        Initial Value: 0
        IO Voltage: 0
    PORT MAP (
        pa_out => \LCD:LCDPort(5)\__PA ,
        pad => \LCD:LCDPort(5)_PAD\ );
    Properties:
    {
    }

[IoId=6]: 
Pin : Name = \LCD:LCDPort(6)\
    Attributes:
        In Group/Port: True
        In Sync Option: AUTO
        Out Sync Option: NOSYNC
        Interrupt generated: False
        Interrupt mode: NONE
        Drive mode: CMOS_OUT
        VTrip: EITHER
        Slew: FAST
        Input Sync needed: False
        Output Sync needed: False
        SC shield enabled: False
        POR State: ANY
        LCD Mode: COMMON
        Register Mode: RegComb
        CaSense Mode: NEITHER
        Treat as pin: False
        Is OE Registered: False
        Uses Analog: False
        Can contain Digital: True
        Is SIO: False
        SIO Output Buf: NONREGULATED
        SIO Input Buf: SINGLE_ENDED
        SIO HiFreq: LOW
        SIO Hyst: DISABLED
        SIO Vtrip: MULTIPLIER_0_5
        SIO RefSel: VCC_IO
        Required Capabilitites: DIGITAL
        Initial Value: 0
        IO Voltage: 0
    PORT MAP (
        pa_out => \LCD:LCDPort(6)\__PA ,
        pad => \LCD:LCDPort(6)_PAD\ );
    Properties:
    {
    }

Port 3 is empty
Port 4 is empty
Clock group 0: 
    M0S8 Clock Block @ [FFB(Clock,0)]: 
    m0s8clockblockcell: Name =ClockBlock
        PORT MAP (
            hfclk => ClockBlock_HFCLK ,
            imo => ClockBlock_IMO ,
            ext => ClockBlock_EXTCLK ,
            sysclk => ClockBlock_SYSCLK ,
            ilo => ClockBlock_ILO ,
            lfclk => ClockBlock_LFCLK ,
            dsi_in_0 => ClockBlock_Routed1 ,
            udb_div_0 => dclk_to_genclk ,
            ff_div_7 => \ADC_SAR:Net_1845_ff7\ ,
            ff_div_2 => \UART:Net_847_ff2\ );
        Properties:
        {
        }
PM group 0: empty
SPC group 0: empty
WDT group 0: empty
FSS group 0: empty
Low Power Comparator group 0: empty
Serial Communication Block group 0: 
    SCB Block @ [FFB(SCB,1)]: 
    m0s8scbcell: Name =\UART:SCB\
        PORT MAP (
            clock => \UART:Net_847_ff2\ ,
            interrupt => Net_352 ,
            rx => \UART:Net_654\ ,
            tx => \UART:Net_1062\ ,
            rts => \UART:Net_1053\ ,
            mosi_m => \UART:Net_1061\ ,
            select_m_3 => \UART:ss_3\ ,
            select_m_2 => \UART:ss_2\ ,
            select_m_1 => \UART:ss_1\ ,
            select_m_0 => \UART:ss_0\ ,
            sclk_m => \UART:Net_1059\ ,
            miso_s => \UART:Net_1055\ ,
            tx_req => Net_384 ,
            rx_req => Net_383 );
        Properties:
        {
            cy_registers = ""
            scb_mode = 2
        }
CSD Fixed Block group 0: empty
8-bit CapSense IDAC group 0: empty
7-bit CapSense IDAC group 0: empty
TCPWM Block group 0: empty
Comparator/Opamp Fixed Block group 0: 
    PSoC4 Comparator/Opamp Fixed Block @ [FFB(OA,0)]: 
    p4abufcell: Name =\Opamp_2:cy_psoc4_abuf\
        PORT MAP (
            vplus => Net_187 ,
            vminus => \ADC_SAR:Net_124\ ,
            vout1 => \ADC_SAR:Net_124\ ,
            vout10 => \Opamp_2:Net_19\ ,
            ctb_dsi_comp => \Opamp_2:Net_12\ );
        Properties:
        {
            cy_registers = ""
            deepsleep_available = 0
            has_resistor = 0
            needs_dsab = 0
        }
    PSoC4 Comparator/Opamp Fixed Block @ [FFB(OA,1)]: 
    p4abufcell: Name =\Opamp_1:cy_psoc4_abuf\
        PORT MAP (
            vplus => Net_177 ,
            vminus => \ADC_SAR:Net_2020\ ,
            vout1 => \ADC_SAR:Net_2020\ ,
            vout10 => \Opamp_1:Net_19\ ,
            ctb_dsi_comp => \Opamp_1:Net_12\ );
        Properties:
        {
            cy_registers = ""
            deepsleep_available = 0
            has_resistor = 0
            needs_dsab = 0
        }
Temperature Sensor group 0: empty
SAR Fixed Block group 0: 
    PSoC4 SAR Fixed Block @ [FFB(SARADC,0)]: 
    p4sarcell: Name =\ADC_SAR:cy_psoc4_sar\
        PORT MAP (
            vplus => \ADC_SAR:Net_2020\ ,
            vminus => \ADC_SAR:Net_124\ ,
            vref => \ADC_SAR:Net_8\ ,
            ext_vref => \ADC_SAR:Net_43\ ,
            clock => \ADC_SAR:Net_1845_ff7\ ,
            sample_done => Net_501 ,
            chan_id_valid => \ADC_SAR:Net_3108\ ,
            chan_id_3 => \ADC_SAR:Net_3109_3\ ,
            chan_id_2 => \ADC_SAR:Net_3109_2\ ,
            chan_id_1 => \ADC_SAR:Net_3109_1\ ,
            chan_id_0 => \ADC_SAR:Net_3109_0\ ,
            data_valid => \ADC_SAR:Net_3110\ ,
            data_11 => \ADC_SAR:Net_3111_11\ ,
            data_10 => \ADC_SAR:Net_3111_10\ ,
            data_9 => \ADC_SAR:Net_3111_9\ ,
            data_8 => \ADC_SAR:Net_3111_8\ ,
            data_7 => \ADC_SAR:Net_3111_7\ ,
            data_6 => \ADC_SAR:Net_3111_6\ ,
            data_5 => \ADC_SAR:Net_3111_5\ ,
            data_4 => \ADC_SAR:Net_3111_4\ ,
            data_3 => \ADC_SAR:Net_3111_3\ ,
            data_2 => \ADC_SAR:Net_3111_2\ ,
            data_1 => \ADC_SAR:Net_3111_1\ ,
            data_0 => \ADC_SAR:Net_3111_0\ ,
            eos_intr => Net_502 ,
            irq => \ADC_SAR:Net_3112\ );
        Properties:
        {
            cy_registers = ""
        }
Segment LCD Block group 0: empty
CLK_GEN group 0: 
    M0S8 Clock Gen Block @ [FFB(CLK_GEN,0)]: 
    m0s8clockgenblockcell: Name =ClockGenBlock
        PORT MAP (
            gen_clk_out_0 => Net_10_digital ,
            gen_clk_in_0 => dclk_to_genclk );
        Properties:
        {
        }
LPCOMPBLOCK group 0: empty
CTBMBLOCK group 0: empty
ANAPUMP group 0: empty
</CYPRESSTAG>
<CYPRESSTAG name="Port Configuration Details">

------------------------------------------------------------
Port Configuration report
------------------------------------------------------------
     |     |       | Interrupt |                  |                          | 
Port | Pin | Fixed |      Type |       Drive Mode |                     Name | Connections
-----+-----+-------+-----------+------------------+--------------------------+--------------------
   0 |   2 |     * |      NONE |         CMOS_OUT | Digital_Output_Pin_U1(0) | 
     |   3 |     * |      NONE |         CMOS_OUT | Digital_Output_Pin_U2(0) | 
     |   4 |     * |      NONE |     HI_Z_DIGITAL |             \UART:rx(0)\ | FB(\UART:Net_654\)
     |   5 |     * |      NONE |         CMOS_OUT |             \UART:tx(0)\ | In(\UART:Net_1062\)
-----+-----+-------+-----------+------------------+--------------------------+--------------------
   1 |   0 |     * |      NONE |      HI_Z_ANALOG |    Analog_Input_Pin_0(0) | Analog(Net_187)
     |   5 |     * |      NONE |      HI_Z_ANALOG |    Analog_Input_Pin_1(0) | Analog(Net_177)
-----+-----+-------+-----------+------------------+--------------------------+--------------------
   2 |   0 |     * |      NONE |         CMOS_OUT |         \LCD:LCDPort(0)\ | 
     |   1 |     * |      NONE |         CMOS_OUT |         \LCD:LCDPort(1)\ | 
     |   2 |     * |      NONE |         CMOS_OUT |         \LCD:LCDPort(2)\ | 
     |   3 |     * |      NONE |         CMOS_OUT |         \LCD:LCDPort(3)\ | 
     |   4 |     * |      NONE |         CMOS_OUT |         \LCD:LCDPort(4)\ | 
     |   5 |     * |      NONE |         CMOS_OUT |         \LCD:LCDPort(5)\ | 
     |   6 |     * |      NONE |         CMOS_OUT |         \LCD:LCDPort(6)\ | 
--------------------------------------------------------------------------------------------------
</CYPRESSTAG>
</CYPRESSTAG>
</CYPRESSTAG>
Digital component placer commit/Report: Elapsed time ==> 0s.001ms
Digital Placement phase: Elapsed time ==> 0s.680ms
</CYPRESSTAG>
<CYPRESSTAG name="Digital Routing">
Routing successful.
Digital Routing phase: Elapsed time ==> 0s.363ms
</CYPRESSTAG>
<CYPRESSTAG name="Bitstream and API generation">
Bitstream and API generation phase: Elapsed time ==> 0s.167ms
</CYPRESSTAG>
<CYPRESSTAG name="Bitstream verification">
Bitstream verification phase: Elapsed time ==> 0s.030ms
</CYPRESSTAG>
<CYPRESSTAG name="Static timing analysis">
Timing report is in PSoC B-0100_timing.html.
Static timing analysis phase: Elapsed time ==> 0s.159ms
</CYPRESSTAG>
<CYPRESSTAG name="Data reporting">
Data reporting phase: Elapsed time ==> 0s.000ms
</CYPRESSTAG>
<CYPRESSTAG name="Database update...">
Design database save phase: Elapsed time ==> 0s.126ms
</CYPRESSTAG>
cydsfit: Elapsed time ==> 2s.155ms
</CYPRESSTAG>
Fitter phase: Elapsed time ==> 2s.199ms
API generation phase: Elapsed time ==> 0s.901ms
Dependency generation phase: Elapsed time ==> 0s.012ms
Cleanup phase: Elapsed time ==> 0s.000ms
