Loading plugins phase: Elapsed time ==> 0s.159ms
Initializing data phase: Elapsed time ==> 0s.000ms
<CYPRESSTAG name="CyDsfit arguments...">
cydsfit arguments: -.fdsnotice -.fdswarpdepfile=warp_dependencies.txt -.fdselabdepfile=elab_dependencies.txt -.fdsbldfile=generated_files.txt -p C:\Users\Ramm\Documents\PSoC Creator\Tesis\PSoC B-Bootloader\PSoC B-Bootloader.cydsn\PSoC B-Bootloader.cyprj -d CY8C4245AXI-483 -s C:\Users\Ramm\Documents\PSoC Creator\Tesis\PSoC B-Bootloader\PSoC B-Bootloader.cydsn\Generated_Source\PSoC4 -- -yv2 -q10 -ygs -o2 -v3 -.fftcfgtype=LE</CYPRESSTAG>
<CYPRESSTAG name="Design elaboration results...">
</CYPRESSTAG>
Elaboration phase: Elapsed time ==> 0s.966ms
<CYPRESSTAG name="HDL generation results...">
</CYPRESSTAG>
HDL generation phase: Elapsed time ==> 0s.041ms
<CYPRESSTAG name="Synthesis results...">

     | | | | | | |
   _________________
  -|               |-
  -|               |-
  -|               |-
  -|    CYPRESS    |-
  -|               |-
  -|               |-   Warp Verilog Synthesis Compiler: Version 6.3 IR 41
  -|               |-   Copyright (C) 1991-2001 Cypress Semiconductor
   |_______________|
     | | | | | | |

======================================================================
Compiling:  PSoC B-Bootloader.v
Program  :   C:\Program Files (x86)\Cypress\PSoC Creator\3.2\PSoC Creator\warp\bin/warp.exe
Options  :    -yv2 -q10 -ygs -o2 -v3 -.fftcfgtype=LE -ya -.fftprj=C:\Users\Ramm\Documents\PSoC Creator\Tesis\PSoC B-Bootloader\PSoC B-Bootloader.cydsn\PSoC B-Bootloader.cyprj -dcpsoc3 PSoC B-Bootloader.v -verilog
======================================================================

======================================================================
Compiling:  PSoC B-Bootloader.v
Program  :   C:\Program Files (x86)\Cypress\PSoC Creator\3.2\PSoC Creator\warp\bin/warp.exe
Options  :    -yv2 -q10 -ygs -o2 -v3 -.fftcfgtype=LE -ya -.fftprj=C:\Users\Ramm\Documents\PSoC Creator\Tesis\PSoC B-Bootloader\PSoC B-Bootloader.cydsn\PSoC B-Bootloader.cyprj -dcpsoc3 PSoC B-Bootloader.v -verilog
======================================================================

======================================================================
Compiling:  PSoC B-Bootloader.v
Program  :   vlogfe
Options  :    -yv2 -q10 -ygs -o2 -v3 -.fftcfgtype=LE -ya -.fftprj=C:\Users\Ramm\Documents\PSoC Creator\Tesis\PSoC B-Bootloader\PSoC B-Bootloader.cydsn\PSoC B-Bootloader.cyprj -dcpsoc3 -verilog PSoC B-Bootloader.v
======================================================================

vlogfe V6.3 IR 41:  Verilog parser
Sun Jun 28 02:30:53 2015


======================================================================
Compiling:  PSoC B-Bootloader.v
Program  :   vpp
Options  :    -yv2 -q10 PSoC B-Bootloader.v
======================================================================

vpp V6.3 IR 41:  Verilog Pre-Processor
Sun Jun 28 02:30:53 2015

Flattening file 'C:\Program Files (x86)\Cypress\PSoC Creator\3.2\PSoC Creator\warp\..\psoc\content\cyprimitives\CyPrimitives.cylib\ZeroTerminal\ZeroTerminal.v'
Flattening file 'C:\Program Files (x86)\Cypress\PSoC Creator\3.2\PSoC Creator\warp\..\psoc\content\cyprimitives\CyPrimitives.cylib\cy_virtualmux_v1_0\cy_virtualmux_v1_0.v'
Flattening file 'C:\Program Files (x86)\Cypress\PSoC Creator\3.2\PSoC Creator\warp\..\psoc\content\cyprimitives\CyPrimitives.cylib\or_v1_0\or_v1_0.v'

vpp:  No errors.

Library 'work' => directory 'lcpsoc3'
General_symbol_table
General_symbol_table
Linking 'C:\Program Files (x86)\Cypress\PSoC Creator\3.2\PSoC Creator\warp\lib\common\std.vhd'.
Linking 'C:\Program Files (x86)\Cypress\PSoC Creator\3.2\PSoC Creator\warp\lib\common\cypress.vhd'.
Linking 'C:\Program Files (x86)\Cypress\PSoC Creator\3.2\PSoC Creator\warp\lib\common\work\cypress.vif'.
Linking 'C:\Program Files (x86)\Cypress\PSoC Creator\3.2\PSoC Creator\warp\lib\ieee\work\stdlogic.vif'.
Linking 'C:\Program Files (x86)\Cypress\PSoC Creator\3.2\PSoC Creator\warp\lib\common\stdlogic\lpmpkg.vif'.
Linking 'C:\Program Files (x86)\Cypress\PSoC Creator\3.2\PSoC Creator\warp\lib\common\stdlogic\rtlpkg.vif'.
Linking 'C:\Program Files (x86)\Cypress\PSoC Creator\3.2\PSoC Creator\warp\lib\common\stdlogic\mod_cnst.vif'.
Linking 'C:\Program Files (x86)\Cypress\PSoC Creator\3.2\PSoC Creator\warp\lib\common\stdlogic\mod_mthv.vif'.
Linking 'C:\Program Files (x86)\Cypress\PSoC Creator\3.2\PSoC Creator\warp\lib\common\stdlogic\mod_genv.vif'.
Using control file 'PSoC B-Bootloader.ctl'.

vlogfe:  No errors.


======================================================================
Compiling:  PSoC B-Bootloader.v
Program  :   tovif
Options  :    -yv2 -q10 -ygs -o2 -v3 -.fftcfgtype=LE -ya -.fftprj=C:\Users\Ramm\Documents\PSoC Creator\Tesis\PSoC B-Bootloader\PSoC B-Bootloader.cydsn\PSoC B-Bootloader.cyprj -dcpsoc3 -verilog PSoC B-Bootloader.v
======================================================================

tovif V6.3 IR 41:  High-level synthesis
Sun Jun 28 02:30:54 2015

Linking 'C:\Program Files (x86)\Cypress\PSoC Creator\3.2\PSoC Creator\warp\lib\common\std.vhd'.
Linking 'C:\Program Files (x86)\Cypress\PSoC Creator\3.2\PSoC Creator\warp\lib\common\cypress.vhd'.
Linking 'C:\Program Files (x86)\Cypress\PSoC Creator\3.2\PSoC Creator\warp\lib\common\work\cypress.vif'.
Linking 'C:\Program Files (x86)\Cypress\PSoC Creator\3.2\PSoC Creator\warp\lib\ieee\work\stdlogic.vif'.
Linking 'C:\Program Files (x86)\Cypress\PSoC Creator\3.2\PSoC Creator\warp\lib\common\stdlogic\lpmpkg.vif'.
Linking 'C:\Program Files (x86)\Cypress\PSoC Creator\3.2\PSoC Creator\warp\lib\common\stdlogic\rtlpkg.vif'.
Linking 'C:\Program Files (x86)\Cypress\PSoC Creator\3.2\PSoC Creator\warp\lib\common\stdlogic\mod_cnst.vif'.
Linking 'C:\Program Files (x86)\Cypress\PSoC Creator\3.2\PSoC Creator\warp\lib\common\stdlogic\mod_mthv.vif'.
Linking 'C:\Program Files (x86)\Cypress\PSoC Creator\3.2\PSoC Creator\warp\lib\common\stdlogic\mod_genv.vif'.
Linking 'C:\Users\Ramm\Documents\PSoC Creator\Tesis\PSoC B-Bootloader\PSoC B-Bootloader.cydsn\codegentemp\PSoC B-Bootloader.ctl'.
Linking 'C:\Program Files (x86)\Cypress\PSoC Creator\3.2\PSoC Creator\psoc\content\cyprimitives\CyPrimitives.cylib\ZeroTerminal\ZeroTerminal.v'.
Linking 'C:\Users\Ramm\Documents\PSoC Creator\Tesis\PSoC B-Bootloader\PSoC B-Bootloader.cydsn\codegentemp\PSoC B-Bootloader.v'.
Linking 'C:\Program Files (x86)\Cypress\PSoC Creator\3.2\PSoC Creator\psoc\content\cyprimitives\CyPrimitives.cylib\cy_virtualmux_v1_0\cy_virtualmux_v1_0.v'.
Linking 'C:\Program Files (x86)\Cypress\PSoC Creator\3.2\PSoC Creator\psoc\content\cyprimitives\CyPrimitives.cylib\or_v1_0\or_v1_0.v'.

tovif:  No errors.


======================================================================
Compiling:  PSoC B-Bootloader.v
Program  :   topld
Options  :    -yv2 -q10 -ygs -o2 -v3 -.fftcfgtype=LE -ya -.fftprj=C:\Users\Ramm\Documents\PSoC Creator\Tesis\PSoC B-Bootloader\PSoC B-Bootloader.cydsn\PSoC B-Bootloader.cyprj -dcpsoc3 -verilog PSoC B-Bootloader.v
======================================================================

topld V6.3 IR 41:  Synthesis and optimization
Sun Jun 28 02:30:54 2015

Linking 'C:\Program Files (x86)\Cypress\PSoC Creator\3.2\PSoC Creator\warp\lib\common\std.vhd'.
Linking 'C:\Program Files (x86)\Cypress\PSoC Creator\3.2\PSoC Creator\warp\lib\common\cypress.vhd'.
Linking 'C:\Program Files (x86)\Cypress\PSoC Creator\3.2\PSoC Creator\warp\lib\common\work\cypress.vif'.
Linking 'C:\Program Files (x86)\Cypress\PSoC Creator\3.2\PSoC Creator\warp\lib\ieee\work\stdlogic.vif'.
Linking 'C:\Program Files (x86)\Cypress\PSoC Creator\3.2\PSoC Creator\warp\lib\common\stdlogic\lpmpkg.vif'.
Linking 'C:\Program Files (x86)\Cypress\PSoC Creator\3.2\PSoC Creator\warp\lib\common\stdlogic\rtlpkg.vif'.
Linking 'C:\Program Files (x86)\Cypress\PSoC Creator\3.2\PSoC Creator\warp\lib\common\stdlogic\mod_cnst.vif'.
Linking 'C:\Program Files (x86)\Cypress\PSoC Creator\3.2\PSoC Creator\warp\lib\common\stdlogic\mod_mthv.vif'.
Linking 'C:\Program Files (x86)\Cypress\PSoC Creator\3.2\PSoC Creator\warp\lib\common\stdlogic\mod_genv.vif'.
Linking 'C:\Users\Ramm\Documents\PSoC Creator\Tesis\PSoC B-Bootloader\PSoC B-Bootloader.cydsn\codegentemp\PSoC B-Bootloader.ctl'.
Linking 'C:\Program Files (x86)\Cypress\PSoC Creator\3.2\PSoC Creator\psoc\content\cyprimitives\CyPrimitives.cylib\ZeroTerminal\ZeroTerminal.v'.
Linking 'C:\Users\Ramm\Documents\PSoC Creator\Tesis\PSoC B-Bootloader\PSoC B-Bootloader.cydsn\codegentemp\PSoC B-Bootloader.v'.
Linking 'C:\Program Files (x86)\Cypress\PSoC Creator\3.2\PSoC Creator\psoc\content\cyprimitives\CyPrimitives.cylib\cy_virtualmux_v1_0\cy_virtualmux_v1_0.v'.
Linking 'C:\Program Files (x86)\Cypress\PSoC Creator\3.2\PSoC Creator\psoc\content\cyprimitives\CyPrimitives.cylib\or_v1_0\or_v1_0.v'.
Linking 'C:\Program Files (x86)\Cypress\PSoC Creator\3.2\PSoC Creator\warp\lib\lcpsoc3\stdlogic\cpsoc3.vif'.

----------------------------------------------------------
Detecting unused logic.
----------------------------------------------------------
    User names
	\UART:Net_452\
	\UART:Net_1257\
	\UART:uncfg_rx_irq\
	\UART:Net_1099\
	\UART:Net_1258\
	\UART:Net_547\
	\UART:Net_891\
	\UART:Net_1001\
	\UART:Net_899\


Deleted 9 User equations/components.
Deleted 0 Synthesized equations/components.

------------------------------------------------------
Alias Detection
------------------------------------------------------
Aliasing \UART:Net_1194\ to \UART:Net_459\
Aliasing \UART:Net_1195\ to \UART:Net_459\
Aliasing \UART:Net_1196\ to \UART:Net_459\
Aliasing zero to \UART:Net_459\
Aliasing one to \UART:tmpOE__tx_net_0\
Aliasing \UART:tmpOE__rx_net_0\ to \UART:tmpOE__tx_net_0\
Aliasing \UART:Net_747\ to \UART:Net_459\
Removing Lhs of wire \UART:Net_652\[3] = \UART:Net_459\[2]
Removing Lhs of wire \UART:Net_1194\[5] = \UART:Net_459\[2]
Removing Lhs of wire \UART:Net_1195\[6] = \UART:Net_459\[2]
Removing Lhs of wire \UART:Net_1196\[7] = \UART:Net_459\[2]
Removing Rhs of wire \UART:Net_654\[8] = \UART:Net_1197\[9]
Removing Lhs of wire \UART:Net_1170\[12] = \UART:Net_847\[1]
Removing Lhs of wire \UART:Net_990\[13] = \UART:Net_459\[2]
Removing Lhs of wire \UART:Net_909\[14] = \UART:Net_459\[2]
Removing Lhs of wire \UART:Net_663\[15] = \UART:Net_459\[2]
Removing Rhs of wire zero[22] = \UART:Net_459\[2]
Removing Rhs of wire one[23] = \UART:tmpOE__tx_net_0\[17]
Removing Lhs of wire \UART:tmpOE__rx_net_0\[28] = one[23]
Removing Lhs of wire \UART:Net_1175\[32] = zero[22]
Removing Lhs of wire \UART:Net_747\[33] = zero[22]

------------------------------------------------------
Aliased 0 equations, 14 wires.
------------------------------------------------------

----------------------------------------------------------
Circuit simplification
----------------------------------------------------------

Substituting virtuals - pass 1:


----------------------------------------------------------
Circuit simplification results:

	Expanded 0 signals.
	Turned 0 signals into soft nodes.
	Maximum default expansion cost was set at 3.
----------------------------------------------------------

topld:  No errors.

CYPRESS_DIR    : C:\Program Files (x86)\Cypress\PSoC Creator\3.2\PSoC Creator\warp
Warp Program   : C:\Program Files (x86)\Cypress\PSoC Creator\3.2\PSoC Creator\warp\bin/warp.exe
Warp Arguments : -yv2 -q10 -ygs -o2 -v3 -.fftcfgtype=LE -ya "-.fftprj=C:\Users\Ramm\Documents\PSoC Creator\Tesis\PSoC B-Bootloader\PSoC B-Bootloader.cydsn\PSoC B-Bootloader.cyprj" -dcpsoc3 "PSoC B-Bootloader.v" -verilog
</CYPRESSTAG>
Warp synthesis phase: Elapsed time ==> 0s.195ms
<CYPRESSTAG name="Fitter results...">
<CYPRESSTAG name="Fitter startup details...">
cyp3fit: V3.2.0.724, Family: PSoC3, Started at: Sunday, 28 June 2015 02:30:54
Options: -yv2 -q10 -ygs -o2 -v3 -.fftcfgtype=LE -ya -.fftprj=C:\Users\Ramm\Documents\PSoC Creator\Tesis\PSoC B-Bootloader\PSoC B-Bootloader.cydsn\PSoC B-Bootloader.cyprj -d CY8C4245AXI-483 PSoC B-Bootloader.v -verilog
</CYPRESSTAG>
<CYPRESSTAG name="Design parsing">
Design parsing phase: Elapsed time ==> 0s.011ms
</CYPRESSTAG>
<CYPRESSTAG name="Tech mapping">
<CYPRESSTAG name="Initial Mapping" icon="FILE_RPT_TECHM">
<CYPRESSTAG name="Global Clock Selection" icon="FILE_RPT_TECHM">
    Fixed Function Clock 2: Automatic-assigning  clock 'UART_SCBCLK'. Signal=\UART:Net_847_ff2\
<CYPRESSTAG name="UDB Clock/Enable Remapping Results">
</CYPRESSTAG>
</CYPRESSTAG>
ADD: pft.M0040: information: The following 2 pin(s) will be assigned a location by the fitter: \UART:rx(0)\, \UART:tx(0)\


Removing unused cells resulting from optimization
Done removing unused cells.
<CYPRESSTAG name="Duplicate Macrocell detection">
</CYPRESSTAG>
</CYPRESSTAG>
<CYPRESSTAG name="Duplicate Macrocell detection">
</CYPRESSTAG>
<CYPRESSTAG name="Design Equations" icon="FILE_RPT_EQUATION">

------------------------------------------------------------
Design Equations
------------------------------------------------------------
    <CYPRESSTAG name="Pin listing">

    ------------------------------------------------------------
    Pin listing
    ------------------------------------------------------------

    Pin : Name = \UART:rx(0)\
        Attributes:
            In Group/Port: True
            In Sync Option: NOSYNC
            Out Sync Option: AUTO
            Interrupt generated: False
            Interrupt mode: NONE
            Drive mode: HI_Z_DIGITAL
            VTrip: CMOS
            Slew: FAST
            Input Sync needed: False
            Output Sync needed: False
            SC shield enabled: False
            POR State: ANY
            LCD Mode: COMMON
            Register Mode: RegComb
            CaSense Mode: NEITHER
            Treat as pin: True
            Is OE Registered: False
            Uses Analog: False
            Can contain Digital: True
            Is SIO: False
            SIO Output Buf: NONREGULATED
            SIO Input Buf: SINGLE_ENDED
            SIO HiFreq: LOW
            SIO Hyst: DISABLED
            SIO Vtrip: MULTIPLIER_0_5
            SIO RefSel: VCC_IO
            Required Capabilitites: DIGITAL
            Initial Value: 0
            IO Voltage: 0
        PORT MAP (
            pa_out => \UART:rx(0)\__PA ,
            fb => \UART:Net_654\ ,
            pad => \UART:rx(0)_PAD\ );

    Pin : Name = \UART:tx(0)\
        Attributes:
            In Group/Port: True
            In Sync Option: NOSYNC
            Out Sync Option: NOSYNC
            Interrupt generated: False
            Interrupt mode: NONE
            Drive mode: CMOS_OUT
            VTrip: CMOS
            Slew: FAST
            Input Sync needed: False
            Output Sync needed: False
            SC shield enabled: False
            POR State: ANY
            LCD Mode: COMMON
            Register Mode: RegComb
            CaSense Mode: NEITHER
            Treat as pin: True
            Is OE Registered: False
            Uses Analog: False
            Can contain Digital: True
            Is SIO: False
            SIO Output Buf: NONREGULATED
            SIO Input Buf: SINGLE_ENDED
            SIO HiFreq: LOW
            SIO Hyst: DISABLED
            SIO Vtrip: MULTIPLIER_0_5
            SIO RefSel: VCC_IO
            Required Capabilitites: DIGITAL
            Initial Value: 1
            IO Voltage: 0
        PORT MAP (
            pa_out => \UART:tx(0)\__PA ,
            input => \UART:Net_1062\ ,
            pad => \UART:tx(0)_PAD\ );
    </CYPRESSTAG>
    <CYPRESSTAG name="Macrocell listing" icon="FILE_RPT_EQUATION">
    </CYPRESSTAG>
    <CYPRESSTAG name="Datapath listing">
    </CYPRESSTAG>
    <CYPRESSTAG name="Status register listing">
    </CYPRESSTAG>
    <CYPRESSTAG name="StatusI register listing">
    </CYPRESSTAG>
    <CYPRESSTAG name="Sync listing">
    </CYPRESSTAG>
    <CYPRESSTAG name="Control register listing">
    </CYPRESSTAG>
    <CYPRESSTAG name="Count7 listing">
    </CYPRESSTAG>
    <CYPRESSTAG name="DRQ listing">
    </CYPRESSTAG>
    <CYPRESSTAG name="Interrupt listing">
    </CYPRESSTAG>
</CYPRESSTAG>
<CYPRESSTAG name="Technology mapping summary" expanded>

------------------------------------------------------------
Technology mapping summary
------------------------------------------------------------

Resource Type                 : Used : Free :  Max :  % Used
============================================================
Digital clock dividers        :    0 :    4 :    4 :   0.00%
Pins                          :    4 :   32 :   36 :  11.11%
UDB Macrocells                :    0 :   32 :   32 :   0.00%
UDB Unique Pterms             :    0 :   64 :   64 :   0.00%
UDB Datapath Cells            :    0 :    4 :    4 :   0.00%
UDB Status Cells              :    0 :    4 :    4 :   0.00%
UDB Control Cells             :    0 :    4 :    4 :   0.00%
Interrupts                    :    0 :   32 :   32 :   0.00%
Comparator/Opamp Fixed Blocks :    0 :    2 :    2 :   0.00%
SAR Fixed Blocks              :    0 :    1 :    1 :   0.00%
CSD Fixed Blocks              :    0 :    1 :    1 :   0.00%
CapSense Blocks               :    0 :    1 :    1 :   0.00%
8-bit CapSense IDACs          :    0 :    1 :    1 :   0.00%
7-bit CapSense IDACs          :    0 :    1 :    1 :   0.00%
Temperature Sensors           :    0 :    1 :    1 :   0.00%
Low Power Comparators         :    0 :    2 :    2 :   0.00%
TCPWM Blocks                  :    0 :    4 :    4 :   0.00%
Serial Communication Blocks   :    1 :    1 :    2 :  50.00%
Segment LCD Blocks            :    0 :    1 :    1 :   0.00%
</CYPRESSTAG>
Technology Mapping: Elapsed time ==> 0s.031ms
Tech mapping phase: Elapsed time ==> 0s.067ms
</CYPRESSTAG>
<CYPRESSTAG name="Analog Placement">
<CYPRESSTAG name="Analog Placement">
Elapsed time ==> 0.0029545s
</CYPRESSTAG>
Analog Placement phase: Elapsed time ==> 0s.019ms
</CYPRESSTAG>
<CYPRESSTAG name="Analog Routing">
<CYPRESSTAG name="Analog Routing">
Route success=True, Iterations=1 Elapsed=0.0011178 secs
</CYPRESSTAG>
Analog Routing phase: Elapsed time ==> 0s.001ms
</CYPRESSTAG>
<CYPRESSTAG name="Analog Code Generation">
============ Analog Final Answer Routes ============
Dump of CyAnalogRoutingResultsDB
Map of net to items {
}
Map of item to net {
}
Mux Info {
}
Analog Code Generation phase: Elapsed time ==> 0s.086ms
</CYPRESSTAG>
<CYPRESSTAG name="Digital Placement">
<CYPRESSTAG name="Detailed placement messages">
I2659: No Constrained paths were found. The placer will run in non-timing driven mode.
I2076: Total run-time: 0.1 sec.

</CYPRESSTAG>
<CYPRESSTAG name="PLD Packing">
<CYPRESSTAG name="PLD Packing Summary">
No PLDs were packed.
</CYPRESSTAG>
PLD Packing: Elapsed time ==> 0s.001ms
</CYPRESSTAG>
<CYPRESSTAG name="Partitioning">
<CYPRESSTAG name="Initial Partitioning Summary">
Initial Partitioning Summary not displayed at this verbose level.</CYPRESSTAG>
<CYPRESSTAG name="Final Partitioning Summary">
Final Partitioning Summary not displayed at this verbose level.</CYPRESSTAG>
Partitioning: Elapsed time ==> 0s.011ms
</CYPRESSTAG>
<CYPRESSTAG name="Simulated Annealing">
Annealing: Elapsed time ==> 0s.001ms
<CYPRESSTAG name="Simulated Annealing Results">
The seed used for moves was 114161200.
Inital cost was 1, final cost is 1 (0.00% improvement).</CYPRESSTAG>
</CYPRESSTAG>
<CYPRESSTAG name="Final Placement Summary">

------------------------------------------------------------
Final Placement Summary
------------------------------------------------------------

       Resource Type :      Count : Avg Inputs : Avg Outputs
    ========================================================
                 UDB :          0 :       0.00 :       0.00
<CYPRESSTAG name="Final Placement Details">
<CYPRESSTAG name="Component Details">

------------------------------------------------------------
Component Placement Details
------------------------------------------------------------
UDB [UDB=(0,0)] is empty.
UDB [UDB=(0,1)] is empty.
UDB [UDB=(1,0)] is empty.
UDB [UDB=(1,1)] is empty.
Intr hod @ [IntrHod=(0)]: empty
Port 0 is empty
Port 1 is empty
Port 2 is empty
Port 3 is empty
Port 4 contains the following IO cells:
[IoId=0]: 
Pin : Name = \UART:rx(0)\
    Attributes:
        In Group/Port: True
        In Sync Option: NOSYNC
        Out Sync Option: AUTO
        Interrupt generated: False
        Interrupt mode: NONE
        Drive mode: HI_Z_DIGITAL
        VTrip: CMOS
        Slew: FAST
        Input Sync needed: False
        Output Sync needed: False
        SC shield enabled: False
        POR State: ANY
        LCD Mode: COMMON
        Register Mode: RegComb
        CaSense Mode: NEITHER
        Treat as pin: True
        Is OE Registered: False
        Uses Analog: False
        Can contain Digital: True
        Is SIO: False
        SIO Output Buf: NONREGULATED
        SIO Input Buf: SINGLE_ENDED
        SIO HiFreq: LOW
        SIO Hyst: DISABLED
        SIO Vtrip: MULTIPLIER_0_5
        SIO RefSel: VCC_IO
        Required Capabilitites: DIGITAL
        Initial Value: 0
        IO Voltage: 0
    PORT MAP (
        pa_out => \UART:rx(0)\__PA ,
        fb => \UART:Net_654\ ,
        pad => \UART:rx(0)_PAD\ );
    Properties:
    {
    }

[IoId=1]: 
Pin : Name = \UART:tx(0)\
    Attributes:
        In Group/Port: True
        In Sync Option: NOSYNC
        Out Sync Option: NOSYNC
        Interrupt generated: False
        Interrupt mode: NONE
        Drive mode: CMOS_OUT
        VTrip: CMOS
        Slew: FAST
        Input Sync needed: False
        Output Sync needed: False
        SC shield enabled: False
        POR State: ANY
        LCD Mode: COMMON
        Register Mode: RegComb
        CaSense Mode: NEITHER
        Treat as pin: True
        Is OE Registered: False
        Uses Analog: False
        Can contain Digital: True
        Is SIO: False
        SIO Output Buf: NONREGULATED
        SIO Input Buf: SINGLE_ENDED
        SIO HiFreq: LOW
        SIO Hyst: DISABLED
        SIO Vtrip: MULTIPLIER_0_5
        SIO RefSel: VCC_IO
        Required Capabilitites: DIGITAL
        Initial Value: 1
        IO Voltage: 0
    PORT MAP (
        pa_out => \UART:tx(0)\__PA ,
        input => \UART:Net_1062\ ,
        pad => \UART:tx(0)_PAD\ );
    Properties:
    {
    }

Clock group 0: 
    M0S8 Clock Block @ [FFB(Clock,0)]: 
    m0s8clockblockcell: Name =ClockBlock
        PORT MAP (
            hfclk => ClockBlock_HFCLK ,
            imo => ClockBlock_IMO ,
            ext => ClockBlock_EXTCLK ,
            sysclk => ClockBlock_SYSCLK ,
            ilo => ClockBlock_ILO ,
            lfclk => ClockBlock_LFCLK ,
            dsi_in_0 => ClockBlock_Routed1 ,
            ff_div_2 => \UART:Net_847_ff2\ );
        Properties:
        {
        }
PM group 0: empty
SPC group 0: empty
WDT group 0: empty
FSS group 0: empty
Low Power Comparator group 0: empty
Serial Communication Block group 0: 
    SCB Block @ [FFB(SCB,0)]: 
    m0s8scbcell: Name =\UART:SCB\
        PORT MAP (
            clock => \UART:Net_847_ff2\ ,
            interrupt => Net_5 ,
            rx => \UART:Net_654\ ,
            tx => \UART:Net_1062\ ,
            rts => \UART:Net_1053\ ,
            mosi_m => \UART:Net_1061\ ,
            select_m_3 => \UART:ss_3\ ,
            select_m_2 => \UART:ss_2\ ,
            select_m_1 => \UART:ss_1\ ,
            select_m_0 => \UART:ss_0\ ,
            sclk_m => \UART:Net_1059\ ,
            miso_s => \UART:Net_1055\ ,
            tx_req => Net_8 ,
            rx_req => Net_7 );
        Properties:
        {
            cy_registers = ""
            scb_mode = 2
        }
CSD Fixed Block group 0: empty
8-bit CapSense IDAC group 0: empty
7-bit CapSense IDAC group 0: empty
TCPWM Block group 0: empty
Comparator/Opamp Fixed Block group 0: empty
Temperature Sensor group 0: empty
SAR Fixed Block group 0: empty
Segment LCD Block group 0: empty
CLK_GEN group 0: 
    M0S8 Clock Gen Block @ [FFB(CLK_GEN,0)]: 
    m0s8clockgenblockcell: Name =ClockGenBlock
        PORT MAP (
             );
        Properties:
        {
        }
LPCOMPBLOCK group 0: empty
CTBMBLOCK group 0: empty
ANAPUMP group 0: empty
</CYPRESSTAG>
<CYPRESSTAG name="Port Configuration Details">

------------------------------------------------------------
Port Configuration report
------------------------------------------------------------
     |     |       | Interrupt |                  |              | 
Port | Pin | Fixed |      Type |       Drive Mode |         Name | Connections
-----+-----+-------+-----------+------------------+--------------+--------------------
   4 |   0 |       |      NONE |     HI_Z_DIGITAL | \UART:rx(0)\ | FB(\UART:Net_654\)
     |   1 |       |      NONE |         CMOS_OUT | \UART:tx(0)\ | In(\UART:Net_1062\)
--------------------------------------------------------------------------------------
</CYPRESSTAG>
</CYPRESSTAG>
</CYPRESSTAG>
Digital component placer commit/Report: Elapsed time ==> 0s.000ms
Digital Placement phase: Elapsed time ==> 0s.323ms
</CYPRESSTAG>
<CYPRESSTAG name="Digital Routing">
Routing successful.
Digital Routing phase: Elapsed time ==> 0s.270ms
</CYPRESSTAG>
<CYPRESSTAG name="Bitstream and API generation">
Bitstream and API generation phase: Elapsed time ==> 0s.151ms
</CYPRESSTAG>
<CYPRESSTAG name="Bitstream verification">
Bitstream verification phase: Elapsed time ==> 0s.024ms
</CYPRESSTAG>
<CYPRESSTAG name="Static timing analysis">
Timing report is in PSoC B-Bootloader_timing.html.
Static timing analysis phase: Elapsed time ==> 0s.092ms
</CYPRESSTAG>
<CYPRESSTAG name="Data reporting">
Data reporting phase: Elapsed time ==> 0s.000ms
</CYPRESSTAG>
<CYPRESSTAG name="Database update...">
Design database save phase: Elapsed time ==> 0s.154ms
</CYPRESSTAG>
cydsfit: Elapsed time ==> 1s.218ms
</CYPRESSTAG>
Fitter phase: Elapsed time ==> 1s.256ms
API generation phase: Elapsed time ==> 0s.655ms
Dependency generation phase: Elapsed time ==> 0s.006ms
Cleanup phase: Elapsed time ==> 0s.001ms
